TN:
SF:script/Deploy.s.sol
DA:44,0
FN:44,DeployScript.run
FNDA:0,DeployScript.run
DA:45,0
DA:46,0
DA:47,0
DA:48,0
DA:49,0
DA:50,0
DA:52,0
DA:55,0
DA:56,0
DA:57,0
DA:58,0
DA:59,0
DA:60,0
DA:63,0
DA:64,0
DA:67,0
DA:68,0
DA:69,0
DA:70,0
DA:71,0
DA:74,0
DA:75,0
BRDA:75,0,0,-
BRDA:75,0,1,-
DA:78,0
DA:79,0
DA:82,0
DA:86,0
DA:90,0
DA:92,0
DA:93,0
DA:96,0
DA:97,0
BRDA:97,1,0,-
BRDA:97,1,1,-
DA:98,0
DA:100,0
DA:102,0
DA:106,0
DA:107,0
DA:109,0
BRDA:109,2,0,-
BRDA:109,2,1,-
DA:110,0
DA:112,0
DA:114,0
DA:117,0
BRDA:117,3,0,-
BRDA:117,3,1,-
DA:118,0
DA:120,0
DA:122,0
DA:126,0
DA:127,0
DA:130,0
DA:132,0
DA:135,0
DA:136,0
DA:139,0
DA:140,0
DA:141,0
DA:142,0
DA:144,0
DA:145,0
DA:146,0
DA:147,0
DA:152,0
DA:153,0
DA:154,0
DA:155,0
DA:156,0
DA:157,0
DA:158,0
DA:161,0
BRDA:161,4,0,-
DA:162,0
DA:163,0
BRDA:163,5,0,-
BRDA:163,5,1,-
DA:164,0
DA:165,0
DA:166,0
DA:168,0
DA:169,0
DA:170,0
DA:171,0
DA:172,0
DA:176,0
DA:177,0
DA:178,0
DA:179,0
DA:180,0
DA:181,0
DA:182,0
DA:183,0
DA:184,0
DA:185,0
DA:186,0
DA:188,0
FNF:1
FNH:0
LF:89
LH:0
BRF:11
BRH:0
end_of_record
TN:
SF:src/adapters/UniswapV2Adapter.sol
DA:40,1
FN:40,UniswapV2Adapter.onlyVault
FNDA:1,UniswapV2Adapter.onlyVault
DA:41,1
BRDA:41,0,0,-
BRDA:41,0,1,-
DA:52,64259
FN:52,UniswapV2Adapter.constructor
FNDA:64259,UniswapV2Adapter.constructor
DA:58,64259
BRDA:58,1,0,-
BRDA:58,1,1,-
DA:59,64259
BRDA:59,2,0,-
BRDA:59,2,1,-
DA:60,64259
BRDA:60,3,0,64259
BRDA:60,3,1,64259
DA:62,64259
DA:63,64259
DA:64,64259
DA:65,64259
DA:66,64259
DA:68,64259
DA:69,64259
BRDA:69,4,0,64250
DA:70,64250
DA:72,64259
DA:74,64259
DA:75,64259
DA:76,64259
DA:87,241113
FN:87,UniswapV2Adapter.addLiquidity
FNDA:241113,UniswapV2Adapter.addLiquidity
DA:94,241113
BRDA:94,5,0,241113
BRDA:94,5,1,1
DA:96,0
BRDA:96,6,0,241112
DA:97,241112
DA:99,241112
BRDA:99,7,0,241112
DA:100,241112
DA:103,241112
DA:104,241112
DA:105,241112
DA:106,241112
DA:108,241112
BRDA:108,8,0,96567
BRDA:108,8,1,91467
DA:109,96567
DA:110,96567
DA:112,144545
DA:113,144545
BRDA:113,9,0,53078
BRDA:113,9,1,91467
DA:114,53078
DA:115,53078
DA:117,91467
DA:118,91467
DA:119,91467
DA:123,96567
DA:134,241112
DA:135,241112
DA:136,241112
BRDA:136,10,0,91467
DA:137,241112
BRDA:137,11,0,53078
DA:139,241112
DA:140,241112
DA:151,95357
FN:151,UniswapV2Adapter.removeLiquidity
FNDA:95357,UniswapV2Adapter.removeLiquidity
DA:157,95357
BRDA:157,12,0,-
BRDA:157,12,1,-
DA:158,95357
BRDA:158,13,0,95357
BRDA:158,13,1,-
DA:160,95357
DA:170,95356
DA:178,1
FN:178,UniswapV2Adapter.collectFees
FNDA:1,UniswapV2Adapter.collectFees
DA:184,1
DA:185,1
DA:186,1
DA:193,288718
FN:193,UniswapV2Adapter.getTotalAssets
FNDA:288718,UniswapV2Adapter.getTotalAssets
DA:194,288718
DA:201,0
FN:201,UniswapV2Adapter.getPositionAssets
FNDA:0,UniswapV2Adapter.getPositionAssets
DA:207,0
DA:214,1
FN:214,UniswapV2Adapter.getActivePositions
FNDA:1,UniswapV2Adapter.getActivePositions
DA:215,1
DA:216,1
DA:223,95366
FN:223,UniswapV2Adapter.getLpBalance
FNDA:95366,UniswapV2Adapter.getLpBalance
DA:224,95366
DA:230,47528
FN:230,UniswapV2Adapter.withdrawAll
FNDA:47528,UniswapV2Adapter.withdrawAll
DA:231,47528
DA:233,47528
BRDA:233,14,0,47528
DA:234,47528
DA:235,47528
DA:236,47528
DA:237,47528
DA:238,47528
DA:239,47528
DA:240,47528
DA:241,47528
DA:251,47528
DA:252,47528
DA:253,47528
BRDA:253,15,0,-
DA:254,47528
BRDA:254,16,0,-
DA:261,288718
FN:261,UniswapV2Adapter._getTotalAssets
FNDA:288718,UniswapV2Adapter._getTotalAssets
DA:262,288718
DA:263,288718
BRDA:263,17,0,49081
DA:264,49081
DA:265,49081
DA:266,49081
DA:269,239637
DA:270,239637
DA:272,239637
DA:273,239637
DA:275,239637
DA:276,239637
DA:278,239637
DA:279,239637
FNF:11
FNH:10
LF:92
LH:89
BRF:27
BRH:16
end_of_record
TN:
SF:src/adapters/UniswapV3Adapter.sol
DA:68,285160
FN:68,UniswapV3Adapter.onlyVault
FNDA:285160,UniswapV3Adapter.onlyVault
DA:69,285160
BRDA:69,0,0,-
BRDA:69,0,1,-
DA:81,128518
FN:81,UniswapV3Adapter.constructor
FNDA:128518,UniswapV3Adapter.constructor
DA:88,128518
BRDA:88,1,0,-
BRDA:88,1,1,-
DA:89,128518
BRDA:89,2,0,-
BRDA:89,2,1,-
DA:90,128518
BRDA:90,3,0,128518
BRDA:90,3,1,64259
DA:93,128518
DA:94,128518
DA:95,128518
DA:96,128518
DA:97,128518
DA:98,128518
DA:100,128518
BRDA:100,4,0,128518
BRDA:100,4,1,-
DA:109,1446731
FN:109,UniswapV3Adapter.getPositionId
FNDA:1446731,UniswapV3Adapter.getPositionId
DA:110,1446731
DA:117,572118
FN:117,UniswapV3Adapter.pool
FNDA:572118,UniswapV3Adapter.pool
DA:118,572118
DA:132,1446733
FN:132,UniswapV3Adapter.addLiquidity
FNDA:1446733,UniswapV3Adapter.addLiquidity
DA:139,1446733
DA:140,1446733
DA:142,1446731
DA:144,1446731
DA:145,1446731
BRDA:145,5,0,78
DA:147,1446653
DA:149,1446653
DA:157,1446653
BRDA:157,6,0,1446653
BRDA:157,6,1,1446652
DA:159,1446652
DA:161,0
DA:163,1446653
DA:171,1446733
FN:171,UniswapV3Adapter._validateTicks
FNDA:1446733,UniswapV3Adapter._validateTicks
DA:172,1446733
BRDA:172,7,0,-
BRDA:172,7,1,-
DA:173,1446732
DA:174,1446732
BRDA:174,8,0,1446732
BRDA:174,8,1,1446731
DA:186,1446731
FN:186,UniswapV3Adapter._calculateLiquidity
FNDA:1446731,UniswapV3Adapter._calculateLiquidity
DA:192,1446731
DA:193,1446731
DA:194,1446731
DA:195,1446731
DA:209,1446653
FN:209,UniswapV3Adapter._transferFromVault
FNDA:1446653,UniswapV3Adapter._transferFromVault
DA:210,1446653
BRDA:210,9,0,1446652
DA:211,1446652
DA:213,1446653
BRDA:213,10,0,1446652
DA:214,1446652
DA:225,1446652
FN:225,UniswapV3Adapter._updatePosition
FNDA:1446652,UniswapV3Adapter._updatePosition
DA:231,1446652
DA:232,1446652
BRDA:232,11,0,579423
DA:233,579423
DA:234,579423
DA:235,579423
DA:237,579423
DA:238,579423
DA:239,579423
DA:240,579423
DA:242,1446652
DA:248,1446652
FN:248,UniswapV3Adapter._returnDust
FNDA:1446652,UniswapV3Adapter._returnDust
DA:249,1446652
DA:250,1446652
DA:251,1446652
BRDA:251,12,0,1446622
DA:252,1446652
BRDA:252,13,0,1446651
DA:264,572125
FN:264,UniswapV3Adapter.removeLiquidity
FNDA:572125,UniswapV3Adapter.removeLiquidity
DA:270,572125
DA:271,572125
BRDA:271,14,0,-
BRDA:271,14,1,-
DA:272,572124
BRDA:272,15,0,572124
BRDA:272,15,1,572124
DA:274,572125
DA:275,572123
BRDA:275,16,0,572123
BRDA:275,16,1,572122
DA:277,572123
DA:284,572122
BRDA:284,17,0,572122
BRDA:284,17,1,572122
DA:287,572122
DA:288,572122
DA:289,572122
DA:291,572122
DA:292,572122
DA:293,572122
DA:295,572122
BRDA:295,18,0,86
DA:296,86
DA:297,86
DA:300,572122
DA:309,285160
FN:309,UniswapV3Adapter.collectFees
FNDA:285160,UniswapV3Adapter.collectFees
DA:315,285160
DA:316,285160
BRDA:316,19,0,-
BRDA:316,19,1,-
DA:318,285159
DA:320,285159
DA:328,285159
DA:329,285159
DA:331,285159
DA:332,285159
DA:333,285159
DA:334,285159
DA:335,285159
DA:337,285159
DA:345,1446653
FN:345,UniswapV3Adapter.uniswapV3MintCallback
FNDA:1446653,UniswapV3Adapter.uniswapV3MintCallback
DA:350,1446653
BRDA:350,20,0,-
BRDA:350,20,1,-
DA:351,1446653
BRDA:351,21,0,1446622
DA:352,1446622
DA:354,1446653
BRDA:354,22,0,1446644
DA:355,1446644
DA:363,13
FN:363,UniswapV3Adapter.getLpBalance
FNDA:13,UniswapV3Adapter.getLpBalance
DA:364,13
DA:365,13
DA:366,11
DA:367,11
DA:368,11
DA:370,0
DA:377,577433
FN:377,UniswapV3Adapter.getTotalAssets
FNDA:577433,UniswapV3Adapter.getTotalAssets
DA:378,577433
DA:379,1437818
DA:380,1437818
DA:381,1437818
DA:382,1437818
DA:383,1437818
DA:384,1437818
DA:387,577433
DA:388,577433
DA:396,4
FN:396,UniswapV3Adapter.getPositionAssets
FNDA:4,UniswapV3Adapter.getPositionAssets
DA:402,4
DA:409,285773
FN:409,UniswapV3Adapter.getActivePositions
FNDA:285773,UniswapV3Adapter.getActivePositions
DA:410,285773
DA:425,572124
FN:425,UniswapV3Adapter.getPositionInfo
FNDA:572124,UniswapV3Adapter.getPositionInfo
DA:438,572124
DA:440,572124
DA:458,2874524
FN:458,UniswapV3Adapter._getFeeGrowthInside
FNDA:2874524,UniswapV3Adapter._getFeeGrowthInside
DA:463,2874524
DA:464,2874524
DA:465,2874524
DA:467,2874524
DA:468,2874524
DA:469,2874524
DA:470,2874524
DA:473,2874524
BRDA:473,23,0,19
BRDA:473,23,1,2874371
DA:474,19
DA:475,19
DA:476,2874505
BRDA:476,24,0,134
BRDA:476,24,1,2874371
DA:477,134
DA:478,134
DA:480,2874371
DA:481,2874371
DA:494,1437822
FN:494,UniswapV3Adapter._calcSinglePosition
FNDA:1437822,UniswapV3Adapter._calcSinglePosition
DA:499,1437822
DA:500,1437822
BRDA:500,25,0,2
DA:501,2
DA:504,1437820
DA:505,1437820
DA:506,1437820
DA:508,1437820
DA:512,1437820
DA:514,1437820
DA:517,1437820
DA:528,2875640
FN:528,UniswapV3Adapter._computeFeesEarned
FNDA:2875640,UniswapV3Adapter._computeFeesEarned
DA:534,2875640
DA:546,86
FN:546,UniswapV3Adapter._removeFromActiveList
FNDA:86,UniswapV3Adapter._removeFromActiveList
DA:547,86
DA:548,114
BRDA:548,26,0,86
DA:549,86
DA:550,86
DA:551,0
DA:559,95054
FN:559,UniswapV3Adapter.withdrawAll
FNDA:95054,UniswapV3Adapter.withdrawAll
DA:560,95054
DA:561,285159
DA:562,285159
DA:563,285159
BRDA:563,27,0,285159
DA:564,285159
DA:565,285159
DA:566,285159
DA:567,285159
DA:572,95054
DA:573,95054
DA:574,95054
BRDA:574,28,0,-
DA:575,95054
BRDA:575,29,0,-
FNF:23
FNH:23
LF:168
LH:165
BRF:46
BRH:29
end_of_record
TN:
SF:src/governance/AdaptiveGovernance.sol
DA:26,64259
FN:26,GovernanceToken.constructor.0
FNDA:64259,GovernanceToken.constructor.0
DA:27,64259
DA:31,108
FN:31,GovernanceToken.clock
FNDA:108,GovernanceToken.clock
DA:32,108
DA:35,0
FN:35,GovernanceToken.CLOCK_MODE
FNDA:0,GovernanceToken.CLOCK_MODE
DA:36,0
DA:39,45
FN:39,GovernanceToken.onlyMinter
FNDA:45,GovernanceToken.onlyMinter
DA:40,45
BRDA:40,0,0,-
BRDA:40,0,1,-
DA:44,64260
FN:44,GovernanceToken.setMinter
FNDA:64260,GovernanceToken.setMinter
DA:45,64260
BRDA:45,1,0,-
BRDA:45,1,1,-
DA:46,64260
DA:49,44
FN:49,GovernanceToken.mint
FNDA:44,GovernanceToken.mint
DA:50,44
DA:53,1
FN:53,GovernanceToken.burn
FNDA:1,GovernanceToken.burn
DA:54,1
DA:138,64259
FN:138,AdaptiveGovernance.constructor.1
FNDA:64259,AdaptiveGovernance.constructor.1
DA:139,64259
DA:141,64259
DA:156,64260
FN:156,AdaptiveGovernance.setVault
FNDA:64260,AdaptiveGovernance.setVault
DA:157,64260
DA:161,0
FN:161,AdaptiveGovernance.setStrategy
FNDA:0,AdaptiveGovernance.setStrategy
DA:162,0
DA:166,0
FN:166,AdaptiveGovernance.setOracle
FNDA:0,AdaptiveGovernance.setOracle
DA:167,0
DA:171,0
FN:171,AdaptiveGovernance.setIncentives
FNDA:0,AdaptiveGovernance.setIncentives
DA:172,0
DA:185,29
FN:185,AdaptiveGovernance.propose
FNDA:29,AdaptiveGovernance.propose
DA:192,29
BRDA:192,2,0,29
BRDA:192,2,1,-
DA:197,28
DA:198,28
DA:199,28
DA:200,28
DA:201,28
DA:202,28
DA:203,28
DA:204,28
DA:205,28
DA:206,28
DA:207,29
DA:209,28
DA:210,0
DA:218,22
FN:218,AdaptiveGovernance.castVote
FNDA:22,AdaptiveGovernance.castVote
DA:219,22
DA:220,22
BRDA:220,3,0,-
BRDA:220,3,1,-
DA:221,21
BRDA:221,4,0,21
BRDA:221,4,1,20
DA:222,20
BRDA:222,5,0,-
BRDA:222,5,1,-
DA:224,22
DA:225,19
BRDA:225,6,0,-
BRDA:225,6,1,-
DA:227,19
DA:228,16
BRDA:228,7,0,16
BRDA:228,7,1,2
DA:229,16
DA:231,2
DA:234,19
DA:242,23
FN:242,AdaptiveGovernance.getProposalState
FNDA:23,AdaptiveGovernance.getProposalState
DA:243,23
DA:244,23
BRDA:244,8,0,-
BRDA:244,8,1,-
DA:246,3
BRDA:246,9,0,3
DA:247,1
BRDA:247,10,0,1
DA:248,18
BRDA:248,11,0,2
DA:249,16
BRDA:249,12,0,1
DA:250,15
BRDA:250,13,0,13
DA:251,13
DA:253,2
DA:260,12
FN:260,AdaptiveGovernance.executeProposal
FNDA:12,AdaptiveGovernance.executeProposal
DA:261,12
BRDA:261,14,0,-
BRDA:261,14,1,-
DA:263,11
DA:264,11
DA:267,11
DA:275,12
DA:282,10
FN:282,AdaptiveGovernance.executeTimelock
FNDA:10,AdaptiveGovernance.executeTimelock
DA:283,10
DA:284,10
BRDA:284,15,0,-
BRDA:284,15,1,-
DA:285,9
BRDA:285,16,0,-
BRDA:285,16,1,-
DA:287,10
DA:290,8
DA:297,4
FN:297,AdaptiveGovernance.cancelProposal
FNDA:4,AdaptiveGovernance.cancelProposal
DA:298,4
DA:299,4
BRDA:299,17,0,4
BRDA:299,17,1,2
DA:300,4
DA:301,4
DA:306,20
FN:306,AdaptiveGovernance.getParams
FNDA:20,AdaptiveGovernance.getParams
DA:307,20
DA:310,2
FN:310,AdaptiveGovernance.setTWAPWindow
FNDA:2,AdaptiveGovernance.setTWAPWindow
DA:311,2
DA:312,2
DA:315,2
FN:315,AdaptiveGovernance.setRebalanceThreshold
FNDA:2,AdaptiveGovernance.setRebalanceThreshold
DA:316,2
DA:317,2
DA:320,2
FN:320,AdaptiveGovernance.setIncentiveBps
FNDA:2,AdaptiveGovernance.setIncentiveBps
DA:321,2
DA:322,2
DA:325,2
FN:325,AdaptiveGovernance.setMaxSlippageBps
FNDA:2,AdaptiveGovernance.setMaxSlippageBps
DA:326,2
DA:327,2
DA:330,1
FN:330,AdaptiveGovernance.setWeightCaps
FNDA:1,AdaptiveGovernance.setWeightCaps
DA:331,1
DA:332,1
DA:333,1
DA:334,1
DA:337,1
FN:337,AdaptiveGovernance.setRangeBps
FNDA:1,AdaptiveGovernance.setRangeBps
DA:338,1
DA:339,1
DA:340,1
DA:341,1
DA:353,8
FN:353,AdaptiveGovernance._applyParam
FNDA:8,AdaptiveGovernance._applyParam
DA:354,8
BRDA:354,18,0,2
BRDA:354,18,1,1
DA:355,2
DA:356,2
BRDA:356,19,0,-
DA:357,0
DA:359,6
BRDA:359,20,0,1
BRDA:359,20,1,1
DA:360,1
DA:361,1
BRDA:361,21,0,-
DA:362,0
DA:364,5
BRDA:364,22,0,2
BRDA:364,22,1,1
DA:365,2
DA:366,2
BRDA:366,23,0,-
DA:367,0
DA:369,3
BRDA:369,24,0,1
BRDA:369,24,1,1
DA:370,1
DA:371,1
BRDA:371,25,0,1
DA:372,1
DA:374,2
BRDA:374,26,0,1
BRDA:374,26,1,1
DA:375,1
DA:376,1
DA:377,1
DA:378,1
BRDA:378,27,0,1
DA:379,1
DA:380,1
DA:381,1
DA:390,3
FN:390,AdaptiveGovernance.executeAsOwner
FNDA:3,AdaptiveGovernance.executeAsOwner
DA:395,3
BRDA:395,28,0,-
BRDA:395,28,1,-
DA:396,2
DA:397,2
BRDA:397,29,0,-
BRDA:397,29,1,-
DA:398,0
FNF:27
FNH:23
LF:134
LH:121
BRF:50
BRH:24
end_of_record
TN:
SF:src/incentives/RebalanceIncentives.sol
DA:46,5801
FN:46,RebalanceIncentives.onlyVault
FNDA:5801,RebalanceIncentives.onlyVault
DA:47,5801
BRDA:47,0,0,-
BRDA:47,0,1,-
DA:51,64259
FN:51,RebalanceIncentives.constructor
FNDA:64259,RebalanceIncentives.constructor
DA:56,64259
BRDA:56,1,0,-
BRDA:56,1,1,-
DA:57,64259
BRDA:57,2,0,-
BRDA:57,2,1,-
DA:58,64259
BRDA:58,3,0,-
BRDA:58,3,1,-
DA:60,64259
DA:61,64259
DA:62,64259
DA:64,64259
DA:65,64259
DA:66,64259
DA:75,5800
FN:75,RebalanceIncentives.onRebalanceExecuted
FNDA:5800,RebalanceIncentives.onRebalanceExecuted
DA:80,5800
BRDA:80,4,0,10
DA:81,10
BRDA:81,5,0,-
BRDA:81,5,1,-
DA:87,5798
BRDA:87,6,0,-
BRDA:87,6,1,-
DA:88,5796
DA:89,5796
BRDA:89,7,0,-
BRDA:89,7,1,-
DA:91,5796
DA:93,27
DA:94,27
BRDA:94,8,0,9
DA:95,9
DA:98,27
BRDA:98,9,0,26
DA:99,26
DA:100,26
DA:103,27
DA:105,27
DA:109,5
FN:109,RebalanceIncentives.claimReward
FNDA:5,RebalanceIncentives.claimReward
DA:110,5
DA:111,5
BRDA:111,10,0,-
BRDA:111,10,1,-
DA:113,3
DA:114,3
DA:116,3
DA:125,13
FN:125,RebalanceIncentives.pendingReward
FNDA:13,RebalanceIncentives.pendingReward
DA:126,13
DA:130,4
FN:130,RebalanceIncentives.canRebalance
FNDA:4,RebalanceIncentives.canRebalance
DA:131,4
BRDA:131,11,0,1
DA:132,3
DA:139,4
FN:139,RebalanceIncentives.fundRewards
FNDA:4,RebalanceIncentives.fundRewards
DA:140,4
BRDA:140,12,0,-
BRDA:140,12,1,-
DA:141,3
BRDA:141,13,0,3
BRDA:141,13,1,2
DA:142,4
DA:147,4
FN:147,RebalanceIncentives.setIncentiveBps
FNDA:4,RebalanceIncentives.setIncentiveBps
DA:148,4
BRDA:148,14,0,-
BRDA:148,14,1,-
DA:149,3
DA:150,4
DA:153,3
FN:153,RebalanceIncentives.setCooldownPeriod
FNDA:3,RebalanceIncentives.setCooldownPeriod
DA:154,3
BRDA:154,15,0,3
BRDA:154,15,1,2
DA:155,1
DA:156,3
DA:159,1
FN:159,RebalanceIncentives.setMinProfitThreshold
FNDA:1,RebalanceIncentives.setMinProfitThreshold
DA:160,1
DA:161,1
FNF:10
FNH:10
LF:53
LH:53
BRF:28
BRH:8
end_of_record
TN:
SF:src/libraries/UniswapMath.sol
DA:11,23441731
FN:11,FullMath.mulDiv
FNDA:23441731,FullMath.mulDiv
DA:17,23441731
DA:18,23441731
DA:20,0
DA:21,0
DA:22,0
DA:25,23441731
BRDA:25,0,0,23441731
DA:26,23441731
DA:29,0
BRDA:29,1,0,-
BRDA:29,1,1,-
DA:31,0
DA:33,0
DA:34,0
DA:35,0
DA:38,0
DA:40,0
DA:41,0
DA:42,0
DA:45,0
DA:47,0
DA:48,0
DA:49,0
DA:50,0
DA:51,0
DA:52,0
DA:53,0
DA:55,0
DA:60,0
FN:60,FullMath.mulDivRoundingUp
FNDA:0,FullMath.mulDivRoundingUp
DA:66,0
DA:67,0
BRDA:67,2,0,-
DA:68,0
BRDA:68,3,0,-
BRDA:68,3,1,-
DA:69,0
DA:92,10531784
FN:92,TickMath.getSqrtRatioAtTick
FNDA:10531784,TickMath.getSqrtRatioAtTick
DA:94,10531784
DA:95,10531784
BRDA:95,4,0,-
BRDA:95,4,1,-
DA:97,10531784
DA:100,864
DA:101,864
DA:102,864
DA:103,10530138
DA:105,10531784
BRDA:105,5,0,1586
DA:107,10531784
DA:112,10531784
FN:112,TickMath._applyTickMultipliers1
FNDA:10531784,TickMath._applyTickMultipliers1
DA:113,10531784
BRDA:113,6,0,836
DA:114,10531784
BRDA:114,7,0,6538418
DA:115,10531784
BRDA:115,8,0,2358955
DA:116,10531784
BRDA:116,9,0,3992953
DA:117,10531784
BRDA:117,10,0,3993479
DA:118,0
DA:122,10531784
FN:122,TickMath._applyTickMultipliers2
FNDA:10531784,TickMath._applyTickMultipliers2
DA:123,10531784
BRDA:123,11,0,10530523
DA:124,10531784
BRDA:124,12,0,4904350
DA:125,10531784
BRDA:125,13,0,3270044
DA:126,10531784
BRDA:126,14,0,5627122
DA:127,10531784
BRDA:127,15,0,5627211
DA:128,10531784
DA:132,10531784
FN:132,TickMath._applyTickMultipliers3
FNDA:10531784,TickMath._applyTickMultipliers3
DA:133,10531784
BRDA:133,16,0,7261877
DA:134,10531784
BRDA:134,17,0,3269282
DA:135,10531784
BRDA:135,18,0,592
DA:136,10531784
BRDA:136,19,0,443
DA:137,10531784
BRDA:137,20,0,769
DA:138,0
DA:142,10531784
FN:142,TickMath._applyTickMultipliers4
FNDA:10531784,TickMath._applyTickMultipliers4
DA:143,10531784
BRDA:143,21,0,10530489
DA:144,10531784
BRDA:144,22,0,10530231
DA:145,10531784
BRDA:145,23,0,597
DA:146,10531784
BRDA:146,24,0,666
DA:147,0
DA:151,129035
FN:151,TickMath.getTickAtSqrtRatio
FNDA:129035,TickMath.getTickAtSqrtRatio
DA:153,129035
BRDA:153,25,0,129035
BRDA:153,25,1,129035
DA:154,129035
DA:155,129035
DA:156,129035
DA:157,129035
DA:158,129035
DA:159,129035
DA:160,129035
DA:165,129035
FN:165,TickMath._getMsb
FNDA:129035,TickMath._getMsb
DA:166,129035
BRDA:166,26,0,384
DA:167,129035
BRDA:167,27,0,128651
DA:168,129035
BRDA:168,28,0,128774
DA:169,129035
BRDA:169,29,0,128778
DA:170,129035
BRDA:170,30,0,248
DA:171,129035
BRDA:171,31,0,248
DA:172,129035
BRDA:172,32,0,258
DA:173,129035
BRDA:173,33,0,128792
DA:177,129035
FN:177,TickMath._getLog2
FNDA:129035,TickMath._getLog2
DA:178,129035
DA:179,129035
BRDA:179,34,0,384
BRDA:179,34,1,128651
DA:180,128651
DA:182,129035
DA:185,129035
DA:186,129035
DA:188,129035
DA:189,129035
DA:191,129035
DA:192,129035
DA:194,129035
DA:195,129035
DA:197,129035
DA:198,129035
DA:200,129035
DA:201,129035
DA:203,129035
DA:204,129035
DA:206,129035
DA:207,129035
DA:209,129035
DA:210,129035
DA:212,129035
DA:213,129035
DA:215,129035
DA:216,129035
DA:218,129035
DA:219,129035
DA:221,129035
DA:222,129035
DA:224,129035
DA:225,129035
DA:237,1446701
FN:237,LiquidityAmounts.getLiquidityForAmount0
FNDA:1446701,LiquidityAmounts.getLiquidityForAmount0
DA:242,1446701
BRDA:242,35,0,-
DA:243,1446701
DA:244,1446701
DA:248,1446722
FN:248,LiquidityAmounts.getLiquidityForAmount1
FNDA:1446722,LiquidityAmounts.getLiquidityForAmount1
DA:253,1446722
BRDA:253,36,0,-
DA:254,1446722
DA:258,1446731
FN:258,LiquidityAmounts.getLiquidityForAmounts
FNDA:1446731,LiquidityAmounts.getLiquidityForAmounts
DA:265,1446731
BRDA:265,37,0,-
DA:267,1446731
BRDA:267,38,0,9
BRDA:267,38,1,1017679
DA:268,9
DA:269,1446722
BRDA:269,39,0,1446692
BRDA:269,39,1,1017679
DA:270,1446692
DA:271,1446692
DA:272,1446692
DA:274,30
DA:279,3456548
FN:279,LiquidityAmounts.getAmountsForLiquidity
FNDA:3456548,LiquidityAmounts.getAmountsForLiquidity
DA:285,3456548
BRDA:285,40,0,-
DA:287,3456548
BRDA:287,41,0,15
BRDA:287,41,1,96
DA:288,15
DA:289,3456533
BRDA:289,42,0,3456437
BRDA:289,42,1,96
DA:290,3456437
DA:291,3456437
DA:293,96
DA:297,3456452
FN:297,LiquidityAmounts.getAmount0ForLiquidity
FNDA:3456452,LiquidityAmounts.getAmount0ForLiquidity
DA:302,3456452
BRDA:302,43,0,-
DA:303,3456452
DA:304,3456452
DA:311,3456533
FN:311,LiquidityAmounts.getAmount1ForLiquidity
FNDA:3456533,LiquidityAmounts.getAmount1ForLiquidity
DA:316,3456533
BRDA:316,44,0,-
DA:317,3456533
DA:320,2893423
FN:320,LiquidityAmounts.toUint128
FNDA:2893423,LiquidityAmounts.toUint128
DA:321,2893423
BRDA:321,45,0,-
BRDA:321,45,1,-
FNF:17
FNH:16
LF:152
LH:123
BRF:56
BRH:41
end_of_record
TN:
SF:src/oracles/TWAPOracle.sol
DA:29,5
FN:29,TWAPOracle.onlyGovernance
FNDA:5,TWAPOracle.onlyGovernance
DA:30,5
BRDA:30,0,0,5
BRDA:30,0,1,5
DA:34,64261
FN:34,TWAPOracle.constructor
FNDA:64261,TWAPOracle.constructor
DA:40,64261
BRDA:40,1,0,-
BRDA:40,1,1,-
DA:41,64260
BRDA:41,2,0,-
BRDA:41,2,1,-
DA:42,64261
BRDA:42,3,0,-
BRDA:42,3,1,-
DA:44,64261
DA:45,64260
DA:46,64260
DA:47,64261
DA:48,64260
DA:50,64261
DA:51,64259
DA:52,64259
BRDA:52,4,0,9
BRDA:52,4,1,9
DA:63,723420
FN:63,TWAPOracle.getTWAPPrice
FNDA:723420,TWAPOracle.getTWAPPrice
DA:64,723420
DA:65,723420
DA:66,723420
DA:67,723420
DA:69,723420
DA:71,723420
DA:72,723420
DA:74,723420
BRDA:74,5,0,13
DA:75,13
DA:78,723420
DA:79,723420
DA:89,2
FN:89,TWAPOracle.getCurrentPrice
FNDA:2,TWAPOracle.getCurrentPrice
DA:90,2
DA:98,5
FN:98,TWAPOracle.quote
FNDA:5,TWAPOracle.quote
DA:104,5
DA:106,5
DA:107,5
DA:109,3
BRDA:109,6,0,3
BRDA:109,6,1,-
DA:110,3
BRDA:110,7,0,3
BRDA:110,7,1,-
DA:111,3
DA:113,0
DA:116,2
BRDA:116,8,0,2
BRDA:116,8,1,-
DA:117,2
DA:119,0
DA:128,4
FN:128,TWAPOracle.setTWAPWindow
FNDA:4,TWAPOracle.setTWAPWindow
DA:129,4
BRDA:129,9,0,4
BRDA:129,9,1,3
DA:130,2
DA:131,4
DA:138,1
FN:138,TWAPOracle.setGovernance
FNDA:1,TWAPOracle.setGovernance
DA:139,1
DA:140,1
DA:147,2
FN:147,TWAPOracle.ensureObservationCardinality
FNDA:2,TWAPOracle.ensureObservationCardinality
DA:148,2
FNF:8
FNH:8
LF:48
LH:46
BRF:19
BRH:10
end_of_record
TN:
SF:src/strategies/AdaptiveRebalanceStrategy.sol
DA:28,4
FN:28,AdaptiveRebalanceStrategy.onlyGovernance
FNDA:4,AdaptiveRebalanceStrategy.onlyGovernance
DA:29,4
BRDA:29,0,0,4
BRDA:29,0,1,4
DA:33,64259
FN:33,AdaptiveRebalanceStrategy.constructor
FNDA:64259,AdaptiveRebalanceStrategy.constructor
DA:34,64259
DA:44,47529
FN:44,AdaptiveRebalanceStrategy.calculateAllocation
FNDA:47529,AdaptiveRebalanceStrategy.calculateAllocation
DA:49,47529
BRDA:49,1,0,47523
BRDA:49,1,1,3
DA:51,47523
DA:56,47523
DA:61,6
BRDA:61,2,0,3
BRDA:61,2,1,3
DA:63,3
DA:68,3
DA:75,3
DA:80,3
DA:98,482242
FN:98,AdaptiveRebalanceStrategy.getRangeTicks
FNDA:482242,AdaptiveRebalanceStrategy.getRangeTicks
DA:113,482242
DA:114,482242
DA:115,482242
DA:117,482242
DA:118,482242
DA:119,482242
DA:120,482242
DA:121,482242
DA:122,482242
DA:124,482242
DA:125,482242
DA:126,482242
DA:127,482242
DA:128,482242
DA:129,482242
DA:139,3
FN:139,AdaptiveRebalanceStrategy.needsRebalance
FNDA:3,AdaptiveRebalanceStrategy.needsRebalance
DA:140,3
DA:147,3
FN:147,AdaptiveRebalanceStrategy.setRebalanceThreshold
FNDA:3,AdaptiveRebalanceStrategy.setRebalanceThreshold
DA:148,3
BRDA:148,3,0,3
BRDA:148,3,1,2
DA:149,1
DA:150,3
DA:157,0
FN:157,AdaptiveRebalanceStrategy.setGovernance
FNDA:0,AdaptiveRebalanceStrategy.setGovernance
DA:158,0
DA:159,0
DA:168,1
FN:168,AdaptiveRebalanceStrategy.calculateDeviation
FNDA:1,AdaptiveRebalanceStrategy.calculateDeviation
DA:173,1
DA:182,47533
FN:182,AdaptiveRebalanceStrategy.estimateVolatility
FNDA:47533,AdaptiveRebalanceStrategy.estimateVolatility
DA:187,47533
DA:198,47534
FN:198,AdaptiveRebalanceStrategy._computePriceDeviationBps
FNDA:47534,AdaptiveRebalanceStrategy._computePriceDeviationBps
DA:203,47534
BRDA:203,4,0,1
DA:204,47533
DA:208,47533
DA:210,47533
DA:211,47533
DA:220,2893452
FN:220,AdaptiveRebalanceStrategy._alignTick
FNDA:2893452,AdaptiveRebalanceStrategy._alignTick
DA:221,2893452
DA:222,2893452
BRDA:222,5,0,2893358
DA:223,2893452
DA:231,2893452
FN:231,AdaptiveRebalanceStrategy._clampTick
FNDA:2893452,AdaptiveRebalanceStrategy._clampTick
DA:232,2893452
BRDA:232,6,0,3
DA:233,2893449
BRDA:233,7,0,3
DA:234,0
FNF:12
FNH:11
LF:56
LH:52
BRF:12
BRH:12
end_of_record
TN:
SF:src/vault/AdaptiveLPVault.sol
DA:145,193595
FN:145,AdaptiveLPVault.whenNotPaused
FNDA:193595,AdaptiveLPVault.whenNotPaused
DA:146,1
BRDA:146,0,0,1
DA:150,64264
FN:150,AdaptiveLPVault.constructor
FNDA:64264,AdaptiveLPVault.constructor
DA:159,64264
DA:163,64264
BRDA:163,1,0,-
BRDA:163,1,1,-
DA:164,64264
BRDA:164,2,0,-
BRDA:164,2,1,-
DA:165,64262
BRDA:165,3,0,-
BRDA:165,3,1,-
DA:166,64261
BRDA:166,4,0,-
BRDA:166,4,1,-
DA:167,64264
BRDA:167,5,0,-
BRDA:167,5,1,-
DA:169,64259
DA:170,64264
DA:171,64264
DA:172,64264
DA:174,64259
DA:176,64259
DA:187,64262
FN:187,AdaptiveLPVault.setAdapters
FNDA:64262,AdaptiveLPVault.setAdapters
DA:192,64262
BRDA:192,6,0,64261
DA:193,64261
DA:194,64261
DA:195,64261
DA:196,64261
DA:198,64262
BRDA:198,7,0,64261
DA:199,64261
DA:200,64261
DA:201,64261
DA:202,64261
DA:204,64262
BRDA:204,8,0,64261
DA:205,64261
DA:206,64261
DA:207,64261
DA:208,64261
DA:216,64262
FN:216,AdaptiveLPVault.setIncentives
FNDA:64262,AdaptiveLPVault.setIncentives
DA:217,64262
DA:224,10
FN:224,AdaptiveLPVault.setGovernance
FNDA:10,AdaptiveLPVault.setGovernance
DA:225,10
DA:232,14
FN:232,AdaptiveLPVault.setMaxSlippage
FNDA:14,AdaptiveLPVault.setMaxSlippage
DA:233,14
BRDA:233,9,0,-
BRDA:233,9,1,-
DA:234,13
DA:235,14
DA:242,6
FN:242,AdaptiveLPVault.setPaused
FNDA:6,AdaptiveLPVault.setPaused
DA:243,6
DA:244,6
DA:256,193594
FN:256,AdaptiveLPVault.deposit.0
FNDA:193594,AdaptiveLPVault.deposit.0
DA:261,193594
BRDA:261,10,0,1
DA:263,193593
DA:264,193593
DA:265,193593
DA:267,193593
BRDA:267,11,0,49054
BRDA:267,11,1,144539
DA:268,49054
DA:270,144539
DA:273,193593
BRDA:273,12,0,1
DA:275,193592
BRDA:275,13,0,193581
DA:276,193581
DA:278,193592
BRDA:278,14,0,193591
DA:279,193591
DA:282,193592
DA:284,0
DA:286,193592
DA:294,1
FN:294,AdaptiveLPVault.deposit.1
FNDA:1,AdaptiveLPVault.deposit.1
DA:301,1
BRDA:301,15,0,1
DA:303,0
DA:304,0
DA:305,0
DA:307,0
DA:308,0
DA:316,1
FN:316,AdaptiveLPVault.mint
FNDA:1,AdaptiveLPVault.mint
DA:323,1
DA:324,1
DA:325,1
DA:327,0
DA:328,1
DA:341,95355
FN:341,AdaptiveLPVault.withdrawDual
FNDA:95355,AdaptiveLPVault.withdrawDual
DA:346,95355
BRDA:346,16,0,1
DA:347,95354
BRDA:347,17,0,-
BRDA:347,17,1,-
DA:349,95353
DA:350,95353
DA:351,95353
DA:352,95353
DA:354,95353
DA:356,95353
DA:358,95353
DA:359,95353
DA:361,95353
DA:362,95353
DA:364,95353
BRDA:364,18,0,3
DA:366,95350
BRDA:366,19,0,95350
DA:367,95350
DA:369,95350
BRDA:369,20,0,95350
DA:370,95350
DA:373,95350
DA:383,1
FN:383,AdaptiveLPVault.withdraw
FNDA:1,AdaptiveLPVault.withdraw
DA:388,1
DA:390,1
BRDA:390,21,0,-
DA:391,0
DA:394,1
DA:396,1
DA:397,1
DA:399,1
DA:411,1
FN:411,AdaptiveLPVault.redeem
FNDA:1,AdaptiveLPVault.redeem
DA:416,1
DA:418,1
BRDA:418,22,0,-
DA:419,0
DA:422,1
DA:424,1
DA:425,1
DA:427,1
DA:435,47529
FN:435,AdaptiveLPVault.rebalance
FNDA:47529,AdaptiveLPVault.rebalance
DA:436,47529
DA:437,47529
DA:438,47529
DA:440,47529
BRDA:440,23,0,23363
DA:441,23363
DA:442,23363
BRDA:442,24,0,3
BRDA:442,24,1,23360
DA:443,3
DA:445,23360
DA:447,3
BRDA:447,25,0,3
DA:450,47526
DA:452,47526
DA:454,47526
DA:460,0
DA:462,0
DA:464,47526
DA:469,47526
DA:471,47526
DA:473,47526
DA:474,47526
DA:475,47526
DA:477,47526
DA:479,47526
DA:480,47526
BRDA:480,26,0,5782
DA:481,5782
BRDA:481,27,0,5782
DA:482,15
DA:488,47526
DA:494,288692
FN:494,AdaptiveLPVault.totalAssets
FNDA:288692,AdaptiveLPVault.totalAssets
DA:495,288692
DA:498,288692
BRDA:498,28,0,288692
DA:499,288691
BRDA:499,29,0,1
DA:500,288690
DA:501,288690
DA:502,1
BRDA:502,28,1,1
DA:503,1
DA:508,288693
FN:508,AdaptiveLPVault.getTotalUnderlying
FNDA:288693,AdaptiveLPVault.getTotalUnderlying
DA:509,288693
DA:510,288693
DA:513,288693
BRDA:513,30,0,288693
DA:514,288693
DA:515,288693
DA:516,288693
DA:518,288693
BRDA:518,31,0,288693
DA:519,288693
DA:520,288693
DA:521,288693
DA:523,288693
BRDA:523,32,0,288693
DA:524,288693
DA:525,288693
DA:526,288693
DA:531,1151304
FN:531,AdaptiveLPVault._decodeTokenAmounts
FNDA:1151304,AdaptiveLPVault._decodeTokenAmounts
DA:532,1151238
BRDA:532,33,0,1151238
BRDA:532,33,1,66
DA:533,1151238
DA:535,66
DA:540,1687813
FN:540,AdaptiveLPVault._encodeTokenAmounts
FNDA:1687813,AdaptiveLPVault._encodeTokenAmounts
DA:541,1687764
BRDA:541,34,0,1687764
BRDA:541,34,1,49
DA:542,1687764
DA:544,49
DA:549,23
FN:549,AdaptiveLPVault.getDistribution
FNDA:23,AdaptiveLPVault.getDistribution
DA:555,23
DA:556,23
DA:558,23
BRDA:558,35,0,23
DA:559,23
DA:560,23
DA:562,23
BRDA:562,36,0,23
DA:563,23
DA:564,23
DA:566,23
BRDA:566,37,0,23
DA:567,23
DA:568,23
DA:578,193593
FN:578,AdaptiveLPVault._calculateTotalValue
FNDA:193593,AdaptiveLPVault._calculateTotalValue
DA:583,193593
DA:584,193593
DA:593,482291
FN:593,AdaptiveLPVault._wethToUSDC
FNDA:482291,AdaptiveLPVault._wethToUSDC
DA:594,482291
BRDA:594,38,0,49085
DA:595,433206
DA:596,433189
BRDA:596,39,0,433189
BRDA:596,39,1,17
DA:599,433189
DA:603,17
DA:613,0
FN:613,AdaptiveLPVault._usdcToWETH
FNDA:0,AdaptiveLPVault._usdcToWETH
DA:614,0
BRDA:614,40,0,-
DA:615,0
DA:616,0
BRDA:616,41,0,-
BRDA:616,41,1,-
DA:618,0
DA:621,0
DA:630,47529
FN:630,AdaptiveLPVault._getSpotPrice
FNDA:47529,AdaptiveLPVault._getSpotPrice
DA:632,47529
DA:638,193593
FN:638,AdaptiveLPVault._investIdleFunds
FNDA:193593,AdaptiveLPVault._investIdleFunds
DA:639,193593
DA:640,193593
DA:641,193593
BRDA:641,42,0,1
DA:643,193592
DA:645,193592
DA:655,193592
FN:655,AdaptiveLPVault._investToAdapters
FNDA:193592,AdaptiveLPVault._investToAdapters
DA:661,193592
DA:662,193592
BRDA:662,43,0,-
DA:664,193592
DA:666,193592
BRDA:666,44,0,193592
DA:667,193592
DA:668,193592
DA:669,193592
BRDA:669,45,0,193579
DA:670,193579
DA:672,193579
DA:676,193592
BRDA:676,46,0,193592
DA:677,193592
DA:678,193592
DA:679,193592
DA:682,193592
BRDA:682,47,0,193592
DA:683,193592
DA:684,193592
DA:685,193592
DA:696,387184
FN:696,AdaptiveLPVault._investV3MultiRange
FNDA:387184,AdaptiveLPVault._investV3MultiRange
DA:703,387184
DA:705,387184
DA:707,387184
DA:711,387184
DA:715,387184
DA:726,47526
FN:726,AdaptiveLPVault._reinvestWithRanges
FNDA:47526,AdaptiveLPVault._reinvestWithRanges
DA:730,47526
DA:731,47526
DA:733,47526
DA:734,47526
BRDA:734,48,0,-
DA:736,47526
BRDA:736,49,0,47526
DA:737,47526
DA:738,47526
DA:739,47526
BRDA:739,50,0,47526
DA:740,47526
DA:741,47526
DA:745,47526
BRDA:745,51,0,47526
DA:746,47526
DA:747,47526
DA:748,47526
DA:751,47526
BRDA:751,52,0,47526
DA:752,47526
DA:753,47526
DA:754,47526
DA:766,95052
FN:766,AdaptiveLPVault._investV3WithRanges
FNDA:95052,AdaptiveLPVault._investV3WithRanges
DA:773,95052
DA:775,95052
DA:777,95052
DA:778,95052
BRDA:778,53,0,-
DA:780,95052
DA:784,95052
DA:788,95052
DA:802,1446708
FN:802,AdaptiveLPVault._investOneRange
FNDA:1446708,AdaptiveLPVault._investOneRange
DA:809,1446708
BRDA:809,54,0,1446708
DA:810,1446708
DA:811,1446708
DA:818,47526
FN:818,AdaptiveLPVault._withdrawAllFromAdapters
FNDA:47526,AdaptiveLPVault._withdrawAllFromAdapters
DA:819,47526
BRDA:819,55,0,47526
DA:820,47526
DA:822,47526
BRDA:822,56,0,47526
DA:823,47526
DA:825,47526
BRDA:825,57,0,47526
DA:826,47526
DA:834,95355
FN:834,AdaptiveLPVault._withdrawFromAdapters
FNDA:95355,AdaptiveLPVault._withdrawFromAdapters
DA:836,95355
BRDA:836,58,0,95355
DA:837,95355
DA:838,95355
DA:839,95355
DA:840,95355
BRDA:840,59,0,95353
DA:841,95353
DA:842,95353
DA:843,95353
DA:844,95353
DA:845,95353
DA:846,95353
DA:847,95353
DA:848,95353
DA:850,95353
DA:854,95355
BRDA:854,60,0,95355
DA:855,95355
DA:857,95355
BRDA:857,61,0,95355
DA:858,95355
DA:867,190710
FN:867,AdaptiveLPVault._withdrawPctFromV3
FNDA:190710,AdaptiveLPVault._withdrawPctFromV3
DA:868,190710
DA:869,190710
DA:870,190710
DA:872,190710
DA:873,572118
DA:885,572118
FN:885,AdaptiveLPVault._withdrawFromV3Position
FNDA:572118,AdaptiveLPVault._withdrawFromV3Position
DA:892,572118
DA:894,572118
BRDA:894,62,0,-
DA:895,0
DA:898,572118
DA:899,572118
BRDA:899,63,0,-
DA:901,572118
DA:902,572118
DA:909,572118
DA:920,47526
FN:920,AdaptiveLPVault._collectAllFees
FNDA:47526,AdaptiveLPVault._collectAllFees
DA:921,47526
DA:922,47526
DA:924,47526
BRDA:924,64,0,47526
DA:925,47526
DA:926,47526
DA:927,142578
DA:928,142578
DA:929,142578
DA:933,47526
BRDA:933,65,0,47526
DA:934,47526
DA:935,47526
DA:936,142578
DA:937,142578
DA:938,142578
DA:942,47526
BRDA:942,66,0,8
DA:943,8
DA:944,8
DA:945,8
DA:956,5
FN:956,AdaptiveLPVault._convertToShares
FNDA:5,AdaptiveLPVault._convertToShares
DA:962,5
DA:963,5
DA:964,5
BRDA:964,67,0,1
DA:965,4
DA:973,13
FN:973,AdaptiveLPVault._convertToAssets
FNDA:13,AdaptiveLPVault._convertToAssets
DA:979,13
DA:980,13
DA:981,13
BRDA:981,68,0,2
DA:982,11
FNF:36
FNH:35
LF:324
LH:306
BRF:83
BRH:59
end_of_record
TN:
SF:test/base/BaseTest.t.sol
DA:48,64250
FN:48,BaseTest.setUp
FNDA:64250,BaseTest.setUp
DA:49,0
DA:50,0
DA:51,0
DA:52,0
DA:53,0
DA:54,0
DA:55,0
DA:58,64250
FN:58,BaseTest._deployTokens
FNDA:64250,BaseTest._deployTokens
DA:59,64250
DA:60,64250
DA:63,64250
FN:63,BaseTest._deployUniswapMocks
FNDA:64250,BaseTest._deployUniswapMocks
DA:64,64250
DA:65,64250
DA:67,64250
DA:68,64250
DA:69,64250
DA:72,64250
FN:72,BaseTest._deployGovernance
FNDA:64250,BaseTest._deployGovernance
DA:73,64250
DA:74,64250
DA:75,64250
DA:76,64250
DA:77,64250
DA:78,64250
DA:79,64250
DA:80,64250
DA:81,64250
DA:84,64250
FN:84,BaseTest._deployVaultAndStrategy
FNDA:64250,BaseTest._deployVaultAndStrategy
DA:85,64250
DA:86,64250
DA:88,64250
DA:99,64250
FN:99,BaseTest._deployAdapters
FNDA:64250,BaseTest._deployAdapters
DA:100,64250
DA:103,64250
DA:111,64250
DA:119,64250
DA:122,64250
FN:122,BaseTest._deployIncentives
FNDA:64250,BaseTest._deployIncentives
DA:123,64250
DA:124,64250
DA:125,64250
DA:128,64250
FN:128,BaseTest._setupUsersAndSkip
FNDA:64250,BaseTest._setupUsersAndSkip
DA:129,64250
DA:130,64250
DA:131,64250
DA:132,64250
DA:134,64250
DA:136,64250
DA:137,64250
DA:138,64250
DA:139,64250
DA:141,64250
DA:144,257000
FN:144,BaseTest._mintTokens
FNDA:257000,BaseTest._mintTokens
DA:145,257000
DA:146,257000
DA:149,257000
FN:149,BaseTest._approveAll
FNDA:257000,BaseTest._approveAll
DA:150,257000
DA:151,257000
DA:152,257000
DA:153,257000
DA:156,193586
FN:156,BaseTest._deposit
FNDA:193586,BaseTest._deposit
DA:157,193586
DA:158,193586
DA:159,193586
DA:162,10
FN:162,BaseTest._setPrice
FNDA:10,BaseTest._setPrice
DA:163,10
DA:164,10
DA:167,12
FN:167,BaseTest._rebalance
FNDA:12,BaseTest._rebalance
DA:168,12
DA:169,12
DA:172,9
FN:172,BaseTest._getTotalUnderlying
FNDA:9,BaseTest._getTotalUnderlying
DA:173,9
DA:182,9
DA:183,9
DA:184,9
DA:187,6
FN:187,BaseTest._getWethDistribution
FNDA:6,BaseTest._getWethDistribution
DA:188,6
DA:189,6
DA:192,4
FN:192,BaseTest._getUsdcDistribution
FNDA:4,BaseTest._getUsdcDistribution
DA:193,4
DA:194,4
FNF:16
FNH:16
LF:80
LH:73
BRF:0
BRH:0
end_of_record
TN:
SF:test/invariant/VaultInvariantTest.t.sol
DA:13,4
FN:13,VaultInvariantHandler.constructor
FNDA:4,VaultInvariantHandler.constructor
DA:14,0
DA:18,64180
FN:18,VaultInvariantHandler.depositAlice
FNDA:64180,VaultInvariantHandler.depositAlice
DA:19,64180
DA:20,64180
DA:22,64180
BRDA:22,0,0,-
DA:23,0
DA:26,64180
DA:27,64180
DA:28,64180
DA:30,64180
BRDA:30,1,0,-
BRDA:30,1,1,-
DA:31,64180
DA:35,64468
FN:35,VaultInvariantHandler.depositBob
FNDA:64468,VaultInvariantHandler.depositBob
DA:36,64468
DA:37,64468
DA:39,64468
BRDA:39,2,0,-
DA:40,0
DA:43,64468
DA:44,64468
DA:45,64468
DA:47,64468
BRDA:47,3,0,-
BRDA:47,3,1,-
DA:48,64468
DA:52,64864
FN:52,VaultInvariantHandler.depositCharlie
FNDA:64864,VaultInvariantHandler.depositCharlie
DA:53,64864
DA:54,64864
DA:56,64864
BRDA:56,4,0,-
DA:57,0
DA:60,64864
DA:61,64864
DA:62,64864
DA:64,64864
BRDA:64,5,0,-
BRDA:64,5,1,-
DA:65,64864
DA:69,64704
FN:69,VaultInvariantHandler.withdrawAlice
FNDA:64704,VaultInvariantHandler.withdrawAlice
DA:70,64704
DA:71,64704
BRDA:71,6,0,32560
DA:73,32144
DA:74,32144
DA:75,32144
BRDA:75,7,0,-
DA:77,32144
DA:78,32144
DA:80,32144
DA:81,32144
DA:83,32144
BRDA:83,8,0,32144
BRDA:83,8,1,-
DA:84,32144
BRDA:84,9,0,32144
BRDA:84,9,1,-
DA:85,32144
BRDA:85,10,0,32144
BRDA:85,10,1,-
DA:87,32144
DA:91,64108
FN:91,VaultInvariantHandler.withdrawBob
FNDA:64108,VaultInvariantHandler.withdrawBob
DA:92,64108
DA:93,64108
BRDA:93,11,0,32964
DA:95,31144
DA:96,31144
DA:97,31144
BRDA:97,12,0,-
DA:99,31144
DA:100,31144
DA:102,31144
DA:103,31144
DA:105,31144
BRDA:105,13,0,31144
BRDA:105,13,1,-
DA:106,31144
BRDA:106,14,0,31144
BRDA:106,14,1,-
DA:107,31144
BRDA:107,15,0,31144
BRDA:107,15,1,-
DA:109,31144
DA:113,64148
FN:113,VaultInvariantHandler.withdrawCharlie
FNDA:64148,VaultInvariantHandler.withdrawCharlie
DA:114,64148
DA:115,64148
BRDA:115,16,0,32104
DA:117,32044
DA:118,32044
DA:119,32044
BRDA:119,17,0,-
DA:121,32044
DA:122,32044
DA:124,32044
DA:125,32044
DA:127,32044
BRDA:127,18,0,32044
BRDA:127,18,1,-
DA:128,32044
BRDA:128,19,0,32044
BRDA:128,19,1,-
DA:129,32044
BRDA:129,20,0,32044
BRDA:129,20,1,-
DA:131,32044
DA:135,63536
FN:135,VaultInvariantHandler.rebalance
FNDA:63536,VaultInvariantHandler.rebalance
DA:136,63536
BRDA:136,21,0,16068
DA:138,47468
DA:139,47468
DA:140,47468
FNF:8
FNH:8
LF:79
LH:75
BRF:34
BRH:13
end_of_record
TN:
SF:test/mocks/MockTokens.sol
DA:12,257103
FN:12,MockWETH.mint.0
FNDA:257103,MockWETH.mint.0
DA:13,257103
DA:16,0
FN:16,MockWETH.deposit
FNDA:0,MockWETH.deposit
DA:17,0
DA:18,0
DA:21,0
FN:21,MockWETH.withdraw
FNDA:0,MockWETH.withdraw
DA:22,0
DA:23,0
DA:24,0
BRDA:24,0,0,-
BRDA:24,0,1,-
DA:25,0
DA:28,0
FN:28,MockWETH.receive
FNDA:0,MockWETH.receive
DA:29,0
DA:30,0
DA:37,64254
FN:37,MockUSDC.decimals.0
FNDA:64254,MockUSDC.decimals.0
DA:38,64254
DA:41,321355
FN:41,MockUSDC.mint.1
FNDA:321355,MockUSDC.mint.1
DA:42,321355
DA:49,0
FN:49,MockERC20.constructor
FNDA:0,MockERC20.constructor
DA:52,0
DA:55,0
FN:55,MockERC20.decimals.1
FNDA:0,MockERC20.decimals.1
DA:56,0
DA:59,0
FN:59,MockERC20.mint.2
FNDA:0,MockERC20.mint.2
DA:60,0
FNF:9
FNH:3
LF:23
LH:6
BRF:2
BRH:0
end_of_record
TN:
SF:test/mocks/MockUniswapV2.sol
DA:17,64250
FN:17,MockUniswapV2Pair.constructor.0
FNDA:64250,MockUniswapV2Pair.constructor.0
DA:18,64250
DA:19,64250
DA:22,864707
FN:22,MockUniswapV2Pair.getReserves
FNDA:864707,MockUniswapV2Pair.getReserves
DA:23,864707
DA:26,241104
FN:26,MockUniswapV2Pair.mint
FNDA:241104,MockUniswapV2Pair.mint
DA:27,241104
DA:28,241104
DA:29,241104
DA:30,241104
DA:32,241104
DA:33,241104
BRDA:33,0,0,96567
BRDA:33,0,1,144537
DA:34,96567
DA:36,144537
DA:41,241104
BRDA:41,1,0,-
BRDA:41,1,1,-
DA:42,241104
DA:44,241104
DA:45,241104
DA:48,142877
FN:48,MockUniswapV2Pair.burn
FNDA:142877,MockUniswapV2Pair.burn
DA:49,142877
DA:50,142877
DA:51,142877
DA:53,142877
DA:54,142877
DA:55,142877
DA:56,142877
BRDA:56,2,0,142877
BRDA:56,2,1,142877
DA:58,142877
DA:59,142877
DA:60,142877
DA:62,142877
DA:63,142877
DA:66,0
FN:66,MockUniswapV2Pair.setReserves
FNDA:0,MockUniswapV2Pair.setReserves
DA:67,0
DA:68,0
DA:71,96567
FN:71,MockUniswapV2Pair._sqrt
FNDA:96567,MockUniswapV2Pair._sqrt
DA:72,96567
BRDA:72,3,1,-
BRDA:72,3,0,96567
DA:73,96567
DA:74,96567
DA:75,5115676
DA:76,0
BRDA:76,4,0,-
DA:81,144537
FN:81,Math.min
FNDA:144537,Math.min
DA:82,144537
DA:90,64250
FN:90,MockUniswapV2Factory.createPair
FNDA:64250,MockUniswapV2Factory.createPair
DA:91,64250
BRDA:91,5,0,-
BRDA:91,5,1,-
DA:92,64250
DA:93,64250
DA:94,64250
DA:95,64250
DA:96,64250
DA:99,0
FN:99,MockUniswapV2Factory.allPairsLength
FNDA:0,MockUniswapV2Factory.allPairsLength
DA:100,0
DA:110,64250
FN:110,MockUniswapV2Router.constructor.1
FNDA:64250,MockUniswapV2Router.constructor.1
DA:111,64250
DA:112,64250
DA:115,241104
FN:115,MockUniswapV2Router.addLiquidity
FNDA:241104,MockUniswapV2Router.addLiquidity
DA:125,241104
DA:126,241104
BRDA:126,6,0,-
DA:127,0
DA:130,241104
DA:132,241104
BRDA:132,7,0,96567
BRDA:132,7,1,91459
DA:133,96567
DA:134,96567
DA:136,144537
DA:137,144537
BRDA:137,8,0,53078
BRDA:137,8,1,91459
DA:138,53078
BRDA:138,9,0,-
BRDA:138,9,1,-
DA:139,0
DA:140,53078
DA:142,91459
DA:143,91459
BRDA:143,10,0,-
BRDA:143,10,1,-
DA:144,0
DA:145,91459
DA:148,96567
BRDA:148,11,0,241104
BRDA:148,11,1,241104
DA:150,96567
DA:151,96567
DA:152,96567
DA:155,142877
FN:155,MockUniswapV2Router.removeLiquidity
FNDA:142877,MockUniswapV2Router.removeLiquidity
DA:164,142877
DA:165,142877
DA:166,142877
DA:167,142877
BRDA:167,12,0,142877
BRDA:167,12,1,142877
DA:170,0
FN:170,MockUniswapV2Router.swapExactTokensForTokens
FNDA:0,MockUniswapV2Router.swapExactTokensForTokens
DA:177,0
BRDA:177,13,0,-
BRDA:177,13,1,-
DA:178,0
DA:179,0
BRDA:179,14,0,-
BRDA:179,14,1,-
DA:181,0
DA:183,0
DA:184,0
DA:185,0
DA:186,0
BRDA:186,15,0,-
BRDA:186,15,1,-
DA:187,0
DA:188,0
DA:190,0
DA:191,0
DA:194,0
DA:195,0
DA:196,0
BRDA:196,16,0,-
BRDA:196,16,1,-
DA:197,0
BRDA:197,17,0,-
BRDA:197,17,1,-
DA:199,0
DA:200,0
DA:202,0
BRDA:202,18,0,-
BRDA:202,18,1,-
DA:203,0
DA:208,0
DA:214,0
DA:215,0
DA:216,0
DA:219,0
FN:219,MockUniswapV2Router.quote
FNDA:0,MockUniswapV2Router.quote
DA:220,0
DA:223,0
FN:223,MockUniswapV2Router.getAmountsOut
FNDA:0,MockUniswapV2Router.getAmountsOut
DA:224,0
BRDA:224,19,0,-
BRDA:224,19,1,-
DA:225,0
DA:226,0
BRDA:226,20,0,-
BRDA:226,20,1,-
DA:228,0
DA:229,0
DA:230,0
DA:231,0
BRDA:231,21,0,-
BRDA:231,21,1,-
DA:232,0
DA:233,0
DA:235,0
DA:236,0
DA:239,0
DA:240,0
DA:242,0
DA:243,0
DA:244,0
FNF:15
FNH:10
LF:124
LH:71
BRF:42
BRH:13
end_of_record
TN:
SF:test/mocks/MockUniswapV3.sol
DA:66,128500
FN:66,MockUniswapV3Pool.constructor
FNDA:128500,MockUniswapV3Pool.constructor
DA:72,128500
DA:73,128500
DA:74,128500
DA:75,128500
DA:77,128500
DA:83,128500
DA:84,128500
DA:86,128500
DA:89,128520
FN:89,MockUniswapV3Pool.setPrice
FNDA:128520,MockUniswapV3Pool.setPrice
DA:90,0
DA:91,128520
DA:92,128520
DA:93,128520
BRDA:93,0,0,128520
BRDA:93,0,1,-
DA:94,128520
DA:95,128520
DA:97,0
DA:98,0
DA:100,128520
DA:103,128520
FN:103,MockUniswapV3Pool._isWETH
FNDA:128520,MockUniswapV3Pool._isWETH
DA:104,128520
BRDA:104,1,0,128520
DA:105,128520
DA:106,0
BRDA:106,1,1,-
DA:107,0
DA:111,0
FN:111,MockUniswapV3Pool.setSqrtPriceX96
FNDA:0,MockUniswapV3Pool.setSqrtPriceX96
DA:112,0
DA:113,0
DA:114,0
DA:117,128520
FN:117,MockUniswapV3Pool._sqrt
FNDA:128520,MockUniswapV3Pool._sqrt
DA:118,128520
BRDA:118,2,1,-
BRDA:118,2,0,128520
DA:119,128520
DA:120,128520
DA:121,2570400
DA:122,0
BRDA:122,3,0,-
DA:125,128520
FN:125,MockUniswapV3Pool._updateObservation
FNDA:128520,MockUniswapV3Pool._updateObservation
DA:126,128520
BRDA:126,4,0,128520
BRDA:126,4,1,128502
DA:127,128520
DA:128,128520
BRDA:128,5,0,128502
DA:129,18
DA:130,18
DA:131,18
DA:138,0
DA:145,18
DA:146,18
DA:147,18
DA:150,6378458
FN:150,MockUniswapV3Pool.slot0
FNDA:6378458,MockUniswapV3Pool.slot0
DA:153,6378458
DA:157,1
FN:157,MockUniswapV3Pool.increaseObservationCardinalityNext
FNDA:1,MockUniswapV3Pool.increaseObservationCardinalityNext
DA:158,1
BRDA:158,6,0,1
DA:159,1
DA:163,723392
FN:163,MockUniswapV3Pool.observe
FNDA:723392,MockUniswapV3Pool.observe
DA:168,723392
DA:169,723392
DA:173,723392
DA:174,1446784
BRDA:174,7,0,-
BRDA:174,7,1,1446784
DA:175,0
DA:177,1446784
DA:178,1446784
DA:181,723392
DA:182,723392
DA:185,1446784
FN:185,MockUniswapV3Pool._getTickCumulativeAt
FNDA:1446784,MockUniswapV3Pool._getTickCumulativeAt
DA:186,1446784
BRDA:186,8,0,-
DA:188,1446784
DA:189,1446784
DA:190,1446862
BRDA:190,9,0,1446837
DA:191,1446837
DA:195,1446784
BRDA:195,10,0,-
DA:196,0
DA:199,1446784
DA:200,1446784
BRDA:200,11,0,6
DA:201,6
DA:204,1446778
DA:205,1446778
DA:206,1446844
BRDA:206,12,0,22
DA:207,22
DA:208,0
DA:212,1446778
BRDA:212,13,0,1446756
DA:213,1446756
DA:214,1446756
DA:217,22
DA:218,22
DA:219,22
DA:220,22
BRDA:220,14,0,-
DA:221,22
DA:222,22
DA:225,3731389
FN:225,MockUniswapV3Pool._positionKey
FNDA:3731389,MockUniswapV3Pool._positionKey
DA:230,3731389
DA:233,1446610
FN:233,MockUniswapV3Pool.mint
FNDA:1446610,MockUniswapV3Pool.mint
DA:240,1446610
BRDA:240,15,0,-
BRDA:240,15,1,-
DA:242,1446610
DA:243,1446610
DA:245,1446610
DA:249,1446610
DA:251,1446610
DA:252,1446610
DA:253,1446610
DA:254,1446610
DA:256,1446610
DA:257,1446610
DA:258,1446610
DA:259,1446610
DA:260,1446610
DA:261,1446610
DA:263,1446610
DA:266,1142390
FN:266,MockUniswapV3Pool.burn
FNDA:1142390,MockUniswapV3Pool.burn
DA:271,1142390
DA:272,1142390
BRDA:272,16,0,-
BRDA:272,16,1,-
DA:274,1142390
DA:275,1142390
DA:276,1142390
DA:277,1142390
DA:278,1142390
DA:280,1142390
DA:281,1142390
DA:282,1142390
DA:283,1142390
BRDA:283,17,0,54
DA:284,54
DA:285,54
DA:286,54
DA:287,54
DA:290,1142390
DA:291,1142390
DA:292,1142390
DA:293,1142390
DA:295,1142390
BRDA:295,18,1,1142390
BRDA:295,18,0,-
DA:298,1142389
FN:298,MockUniswapV3Pool.collect
FNDA:1142389,MockUniswapV3Pool.collect
DA:305,1142389
DA:306,1142389
DA:308,1142389
BRDA:308,19,0,49
DA:309,49
DA:310,49
DA:311,49
DA:312,49
DA:315,1142389
DA:316,1142389
DA:318,1142389
DA:319,1142389
DA:321,1142389
BRDA:321,20,0,857285
DA:322,1142389
BRDA:322,21,0,857297
DA:325,17
FN:325,MockUniswapV3Pool.setMockFees
FNDA:17,MockUniswapV3Pool.setMockFees
DA:326,17
DA:329,0
FN:329,MockUniswapV3Pool.initialize
FNDA:0,MockUniswapV3Pool.initialize
DA:330,0
DA:331,0
DA:339,128500
FN:339,MockUniswapV3Factory.createPool
FNDA:128500,MockUniswapV3Factory.createPool
DA:340,128500
BRDA:340,22,0,-
BRDA:340,22,1,-
DA:341,128500
DA:342,128500
DA:343,128500
DA:344,128500
DA:345,128500
DA:348,0
FN:348,MockUniswapV3Factory.feeAmountTickSpacing
FNDA:0,MockUniswapV3Factory.feeAmountTickSpacing
DA:349,0
FNF:18
FNH:15
LF:153
LH:134
BRF:32
BRH:17
end_of_record
