TN:
SF:src/adapters/UniswapV2Adapter.sol
FN:127,UniswapV2Adapter.removeLiquidity
FN:153,UniswapV2Adapter.collectFees
FN:165,UniswapV2Adapter.getTotalAssets
FN:170,UniswapV2Adapter.getPositionAssets
FN:180,UniswapV2Adapter.getActivePositions
FN:186,UniswapV2Adapter.getLpBalance
FN:191,UniswapV2Adapter.withdrawAll
FN:224,UniswapV2Adapter._getTotalAssets
FN:53,UniswapV2Adapter.onlyVault
FN:58,UniswapV2Adapter.constructor
FN:88,UniswapV2Adapter.addLiquidity
FNDA:263,UniswapV2Adapter.removeLiquidity
FNDA:29,UniswapV2Adapter.collectFees
FNDA:666,UniswapV2Adapter.getTotalAssets
FNDA:1,UniswapV2Adapter.getPositionAssets
FNDA:30,UniswapV2Adapter.getActivePositions
FNDA:270,UniswapV2Adapter.getLpBalance
FNDA:30,UniswapV2Adapter.withdrawAll
FNDA:667,UniswapV2Adapter._getTotalAssets
FNDA:29,UniswapV2Adapter.onlyVault
FNDA:428,UniswapV2Adapter.constructor
FNDA:340,UniswapV2Adapter.addLiquidity
FNF:11
FNH:11
DA:53,29
DA:54,29
DA:58,428
DA:64,428
DA:65,428
DA:66,428
DA:68,428
DA:69,428
DA:70,428
DA:71,428
DA:72,428
DA:75,428
DA:76,428
DA:77,214
DA:79,428
DA:82,428
DA:83,428
DA:84,428
DA:88,340
DA:95,340
DA:98,0
DA:99,339
DA:101,339
DA:102,339
DA:106,340
DA:117,339
DA:118,339
DA:119,339
DA:120,339
DA:122,339
DA:123,339
DA:127,263
DA:133,263
DA:134,263
DA:136,263
DA:146,263
DA:153,29
DA:159,29
DA:160,29
DA:161,29
DA:165,666
DA:166,666
DA:170,1
DA:176,1
DA:180,30
DA:181,30
DA:182,30
DA:186,270
DA:187,270
DA:191,30
DA:192,30
DA:194,30
DA:195,30
DA:197,30
DA:199,30
DA:200,30
DA:203,30
DA:204,30
DA:206,30
DA:207,30
DA:218,30
DA:219,30
DA:220,30
DA:221,30
DA:224,667
DA:225,667
DA:226,667
DA:227,311
DA:228,311
DA:229,311
DA:232,356
DA:233,356
DA:236,356
DA:237,356
DA:240,356
DA:241,356
DA:244,356
DA:245,356
LF:78
LH:77
end_of_record
TN:
SF:src/adapters/UniswapV3Adapter.sol
FN:103,UniswapV3Adapter.getPositionId
FN:107,UniswapV3Adapter.pool
FN:112,UniswapV3Adapter.addLiquidity
FN:187,UniswapV3Adapter.removeLiquidity
FN:230,UniswapV3Adapter.collectFees
FN:265,UniswapV3Adapter.uniswapV3MintCallback
FN:281,UniswapV3Adapter.getLpBalance
FN:292,UniswapV3Adapter.getTotalAssets
FN:307,UniswapV3Adapter.getPositionAssets
FN:317,UniswapV3Adapter.getActivePositions
FN:321,UniswapV3Adapter.getPositionInfo
FN:350,UniswapV3Adapter._getFeeGrowthInside
FN:380,UniswapV3Adapter._calcSinglePosition
FN:407,UniswapV3Adapter._computeFeesEarned
FN:421,UniswapV3Adapter._removeFromActiveList
FN:432,UniswapV3Adapter.withdrawAll
FN:74,UniswapV3Adapter.onlyVault
FN:79,UniswapV3Adapter.constructor
FNDA:2063,UniswapV3Adapter.getPositionId
FNDA:0,UniswapV3Adapter.pool
FNDA:2059,UniswapV3Adapter.addLiquidity
FNDA:1583,UniswapV3Adapter.removeLiquidity
FNDA:4,UniswapV3Adapter.collectFees
FNDA:2033,UniswapV3Adapter.uniswapV3MintCallback
FNDA:8,UniswapV3Adapter.getLpBalance
FNDA:1328,UniswapV3Adapter.getTotalAssets
FNDA:1,UniswapV3Adapter.getPositionAssets
FNDA:595,UniswapV3Adapter.getActivePositions
FNDA:1580,UniswapV3Adapter.getPositionInfo
FNDA:5693,UniswapV3Adapter._getFeeGrowthInside
FNDA:2120,UniswapV3Adapter._calcSinglePosition
FNDA:4240,UniswapV3Adapter._computeFeesEarned
FNDA:1543,UniswapV3Adapter._removeFromActiveList
FNDA:59,UniswapV3Adapter.withdrawAll
FNDA:4,UniswapV3Adapter.onlyVault
FNDA:856,UniswapV3Adapter.constructor
FNF:18
FNH:17
DA:74,4
DA:75,4
DA:79,856
DA:86,856
DA:87,856
DA:88,856
DA:91,856
DA:92,856
DA:93,856
DA:94,856
DA:95,856
DA:96,856
DA:99,856
DA:103,2063
DA:104,2063
DA:107,0
DA:108,0
DA:112,2059
DA:120,2059
DA:121,2059
DA:124,2058
DA:125,2058
DA:128,2057
DA:131,2057
DA:132,2057
DA:133,2057
DA:135,2057
DA:143,2057
DA:146,2033
DA:147,2033
DA:149,2033
DA:150,2032
DA:154,2033
DA:162,2033
DA:165,2032
DA:166,2032
DA:167,1990
DA:168,1990
DA:169,1990
DA:171,1990
DA:172,1990
DA:173,1990
DA:174,1990
DA:176,2032
DA:178,2032
DA:179,2032
DA:180,2032
DA:181,2032
DA:183,2032
DA:187,1583
DA:193,1583
DA:194,1583
DA:195,1582
DA:198,1583
DA:199,1580
DA:202,1580
DA:209,1580
DA:212,1580
DA:213,1580
DA:214,1580
DA:216,1580
DA:217,1580
DA:218,1580
DA:221,1580
DA:222,1543
DA:223,1543
DA:226,1580
DA:230,4
DA:236,4
DA:237,4
DA:240,3
DA:243,3
DA:251,3
DA:252,3
DA:254,3
DA:255,3
DA:256,3
DA:257,3
DA:258,3
DA:261,3
DA:265,2033
DA:270,2033
DA:273,2033
DA:274,2029
DA:276,2033
DA:277,2028
DA:281,8
DA:282,8
DA:283,8
DA:284,7
DA:285,7
DA:286,7
DA:288,0
DA:292,1328
DA:293,1328
DA:294,2119
DA:295,2119
DA:296,2119
DA:297,2119
DA:298,2119
DA:299,2119
DA:302,1328
DA:303,1328
DA:307,1
DA:313,1
DA:317,595
DA:318,595
DA:321,1580
DA:334,1580
DA:336,1580
DA:350,5693
DA:355,5693
DA:356,5693
DA:357,5693
DA:359,5693
DA:360,5693
DA:361,5693
DA:362,5693
DA:365,5693
DA:366,3
DA:367,3
DA:368,5690
DA:369,21
DA:370,21
DA:372,5669
DA:373,5669
DA:380,2120
DA:385,2120
DA:386,2120
DA:387,0
DA:390,2120
DA:391,2120
DA:392,2120
DA:394,2120
DA:398,2120
DA:400,2120
DA:403,2120
DA:407,4240
DA:413,4240
DA:421,1543
DA:422,1543
DA:423,2057
DA:424,1543
DA:425,1543
DA:426,0
DA:432,59
DA:434,59
DA:435,175
DA:436,175
DA:437,175
DA:438,175
DA:439,175
DA:440,175
DA:441,175
DA:447,59
DA:448,59
DA:449,59
DA:450,59
LF:158
LH:153
end_of_record
TN:
SF:src/governance/AdaptiveGovernance.sol
FN:133,AdaptiveGovernance.constructor.1
FN:152,AdaptiveGovernance.setVault
FN:159,AdaptiveGovernance.propose
FN:16,GovernanceToken.constructor.0
FN:187,AdaptiveGovernance.castVote
FN:20,GovernanceToken.onlyMinter
FN:207,AdaptiveGovernance.getProposalState
FN:222,AdaptiveGovernance.executeProposal
FN:241,AdaptiveGovernance.executeTimelock
FN:25,GovernanceToken.setMinter
FN:253,AdaptiveGovernance.cancelProposal
FN:262,AdaptiveGovernance.getParams
FN:266,AdaptiveGovernance.setTWAPWindow
FN:271,AdaptiveGovernance.setRebalanceThreshold
FN:276,AdaptiveGovernance.setIncentiveBps
FN:281,AdaptiveGovernance.setMaxSlippageBps
FN:286,AdaptiveGovernance.setWeightCaps
FN:293,AdaptiveGovernance.setRangeBps
FN:30,GovernanceToken.mint
FN:302,AdaptiveGovernance._applyParam
FN:34,GovernanceToken.burn
FNDA:214,AdaptiveGovernance.constructor.1
FNDA:215,AdaptiveGovernance.setVault
FNDA:34,AdaptiveGovernance.propose
FNDA:214,GovernanceToken.constructor.0
FNDA:25,AdaptiveGovernance.castVote
FNDA:33,GovernanceToken.onlyMinter
FNDA:34,AdaptiveGovernance.getProposalState
FNDA:16,AdaptiveGovernance.executeProposal
FNDA:15,AdaptiveGovernance.executeTimelock
FNDA:214,GovernanceToken.setMinter
FNDA:6,AdaptiveGovernance.cancelProposal
FNDA:18,AdaptiveGovernance.getParams
FNDA:1,AdaptiveGovernance.setTWAPWindow
FNDA:1,AdaptiveGovernance.setRebalanceThreshold
FNDA:1,AdaptiveGovernance.setIncentiveBps
FNDA:1,AdaptiveGovernance.setMaxSlippageBps
FNDA:1,AdaptiveGovernance.setWeightCaps
FNDA:1,AdaptiveGovernance.setRangeBps
FNDA:32,GovernanceToken.mint
FNDA:10,AdaptiveGovernance._applyParam
FNDA:1,GovernanceToken.burn
FNF:21
FNH:21
DA:16,214
DA:17,214
DA:20,33
DA:21,33
DA:25,214
DA:26,214
DA:27,214
DA:30,32
DA:31,32
DA:34,1
DA:35,1
DA:133,214
DA:134,214
DA:137,214
DA:152,215
DA:153,215
DA:159,34
DA:166,34
DA:171,32
DA:172,32
DA:173,32
DA:174,32
DA:175,32
DA:176,32
DA:177,32
DA:178,32
DA:179,32
DA:180,34
DA:182,32
DA:183,0
DA:187,25
DA:188,25
DA:189,25
DA:190,24
DA:191,22
DA:193,21
DA:194,21
DA:196,21
DA:197,17
DA:198,17
DA:200,3
DA:203,21
DA:207,34
DA:208,34
DA:209,34
DA:211,4
DA:212,3
DA:213,26
DA:214,23
DA:215,20
DA:216,15
DA:218,5
DA:222,16
DA:223,16
DA:225,12
DA:226,12
DA:229,12
DA:237,16
DA:241,15
DA:242,15
DA:243,15
DA:244,13
DA:246,15
DA:249,10
DA:253,6
DA:254,6
DA:255,6
DA:256,6
DA:257,6
DA:262,18
DA:263,18
DA:266,1
DA:267,1
DA:268,1
DA:271,1
DA:272,1
DA:273,1
DA:276,1
DA:277,1
DA:278,1
DA:281,1
DA:282,1
DA:283,1
DA:286,1
DA:287,1
DA:288,1
DA:289,1
DA:290,1
DA:293,1
DA:294,1
DA:295,1
DA:296,1
DA:297,1
DA:302,10
DA:303,10
DA:304,5
DA:305,5
DA:306,1
DA:307,4
DA:308,1
DA:309,3
DA:310,1
DA:311,2
DA:312,1
DA:313,1
DA:314,1
DA:315,1
DA:316,1
DA:317,1
DA:318,1
LF:110
LH:109
end_of_record
TN:
SF:src/incentives/RebalanceIncentives.sol
FN:128,RebalanceIncentives.claimReward
FN:139,RebalanceIncentives.pendingReward
FN:144,RebalanceIncentives.canRebalance
FN:150,RebalanceIncentives.fundRewards
FN:158,RebalanceIncentives.setIncentiveBps
FN:164,RebalanceIncentives.setCooldownPeriod
FN:170,RebalanceIncentives.setMinProfitThreshold
FN:62,RebalanceIncentives.onlyVault
FN:67,RebalanceIncentives.constructor
FN:90,RebalanceIncentives.onRebalanceExecuted
FNDA:2,RebalanceIncentives.claimReward
FNDA:5,RebalanceIncentives.pendingReward
FNDA:3,RebalanceIncentives.canRebalance
FNDA:6,RebalanceIncentives.fundRewards
FNDA:3,RebalanceIncentives.setIncentiveBps
FNDA:3,RebalanceIncentives.setCooldownPeriod
FNDA:1,RebalanceIncentives.setMinProfitThreshold
FNDA:22,RebalanceIncentives.onlyVault
FNDA:216,RebalanceIncentives.constructor
FNDA:21,RebalanceIncentives.onRebalanceExecuted
FNF:10
FNH:10
DA:62,22
DA:63,22
DA:67,216
DA:72,216
DA:73,216
DA:74,216
DA:76,216
DA:77,216
DA:78,216
DA:80,216
DA:81,216
DA:82,216
DA:90,21
DA:96,21
DA:97,4
DA:104,20
DA:105,19
DA:106,19
DA:109,19
DA:112,18
DA:113,18
DA:114,1
DA:117,18
DA:118,17
DA:119,17
DA:122,18
DA:124,18
DA:128,2
DA:129,2
DA:130,2
DA:132,1
DA:133,1
DA:135,1
DA:139,5
DA:140,5
DA:144,3
DA:145,3
DA:146,2
DA:150,6
DA:151,6
DA:152,5
DA:153,6
DA:158,3
DA:159,3
DA:160,2
DA:161,3
DA:164,3
DA:165,3
DA:166,1
DA:167,3
DA:170,1
DA:171,1
DA:172,1
LF:53
LH:53
end_of_record
TN:
SF:src/libraries/UniswapMath.sol
FN:11,FullMath.mulDiv
FN:127,TickMath.getTickAtSqrtRatio
FN:282,LiquidityAmounts.getLiquidityForAmount0
FN:293,LiquidityAmounts.getLiquidityForAmount1
FN:303,LiquidityAmounts.getLiquidityForAmounts
FN:324,LiquidityAmounts.getAmountsForLiquidity
FN:342,LiquidityAmounts.getAmount0ForLiquidity
FN:356,LiquidityAmounts.getAmount1ForLiquidity
FN:365,LiquidityAmounts.toUint128
FN:60,FullMath.mulDivRoundingUp
FN:92,TickMath.getSqrtRatioAtTick
FNDA:40090,FullMath.mulDiv
FNDA:967,TickMath.getTickAtSqrtRatio
FNDA:2316,LiquidityAmounts.getLiquidityForAmount0
FNDA:2318,LiquidityAmounts.getLiquidityForAmount1
FNDA:2318,LiquidityAmounts.getLiquidityForAmounts
FNDA:6254,LiquidityAmounts.getAmountsForLiquidity
FNDA:6232,LiquidityAmounts.getAmount0ForLiquidity
FNDA:5993,LiquidityAmounts.getAmount1ForLiquidity
FNDA:4634,LiquidityAmounts.toUint128
FNDA:259,FullMath.mulDivRoundingUp
FNDA:20007,TickMath.getSqrtRatioAtTick
FNF:11
FNH:11
DA:11,40090
DA:17,40090
DA:18,40090
DA:20,0
DA:21,0
DA:22,0
DA:25,40090
DA:26,39833
DA:29,257
DA:31,257
DA:33,0
DA:34,0
DA:35,0
DA:38,257
DA:40,0
DA:41,0
DA:42,0
DA:45,257
DA:47,257
DA:48,257
DA:49,257
DA:50,257
DA:51,257
DA:52,257
DA:53,257
DA:55,257
DA:60,259
DA:66,259
DA:67,259
DA:68,228
DA:69,228
DA:92,20007
DA:94,20007
DA:95,20007
DA:97,20007
DA:100,20007
DA:101,20007
DA:102,20007
DA:103,20007
DA:104,20007
DA:105,20007
DA:106,20007
DA:107,20007
DA:108,20007
DA:109,20007
DA:110,20007
DA:111,20007
DA:112,20007
DA:113,20007
DA:114,20007
DA:115,20007
DA:116,20007
DA:117,20007
DA:118,20007
DA:120,20007
DA:122,20007
DA:127,967
DA:129,967
DA:130,967
DA:132,967
DA:133,967
DA:136,0
DA:137,0
DA:138,0
DA:141,0
DA:142,0
DA:143,0
DA:146,0
DA:147,0
DA:148,0
DA:151,0
DA:152,0
DA:153,0
DA:156,0
DA:157,0
DA:158,0
DA:161,0
DA:162,0
DA:163,0
DA:166,0
DA:167,0
DA:168,0
DA:171,0
DA:172,0
DA:175,967
DA:176,587
DA:178,967
DA:181,0
DA:182,0
DA:183,0
DA:184,0
DA:187,0
DA:188,0
DA:189,0
DA:190,0
DA:193,0
DA:194,0
DA:195,0
DA:196,0
DA:199,0
DA:200,0
DA:201,0
DA:202,0
DA:205,0
DA:206,0
DA:207,0
DA:208,0
DA:211,0
DA:212,0
DA:213,0
DA:214,0
DA:217,0
DA:218,0
DA:219,0
DA:220,0
DA:223,0
DA:224,0
DA:225,0
DA:226,0
DA:229,0
DA:230,0
DA:231,0
DA:232,0
DA:235,0
DA:236,0
DA:237,0
DA:238,0
DA:241,0
DA:242,0
DA:243,0
DA:244,0
DA:247,0
DA:248,0
DA:249,0
DA:250,0
DA:253,0
DA:254,0
DA:255,0
DA:256,0
DA:259,0
DA:260,0
DA:261,0
DA:264,967
DA:266,967
DA:267,967
DA:269,967
DA:282,2316
DA:287,2316
DA:288,2316
DA:289,2316
DA:293,2318
DA:298,2318
DA:299,2318
DA:303,2318
DA:310,2318
DA:312,2318
DA:313,3
DA:314,2315
DA:315,2310
DA:316,2310
DA:317,2310
DA:319,5
DA:324,6254
DA:330,6254
DA:332,6254
DA:333,261
DA:334,5993
DA:335,5971
DA:336,5971
DA:338,22
DA:342,6232
DA:347,6232
DA:348,6232
DA:349,6232
DA:356,5993
DA:361,5993
DA:362,5993
DA:365,4634
DA:366,4634
LF:179
LH:92
end_of_record
TN:
SF:src/oracles/TWAPOracle.sol
FN:105,TWAPOracle.quote
FN:149,TWAPOracle.setTWAPWindow
FN:156,TWAPOracle.setGovernance
FN:162,TWAPOracle.ensureObservationCardinality
FN:42,TWAPOracle.onlyGovernance
FN:47,TWAPOracle.constructor
FN:75,TWAPOracle.getTWAPPrice
FN:98,TWAPOracle.getCurrentPrice
FNDA:4,TWAPOracle.quote
FNDA:6,TWAPOracle.setTWAPWindow
FNDA:2,TWAPOracle.setGovernance
FNDA:1,TWAPOracle.ensureObservationCardinality
FNDA:8,TWAPOracle.onlyGovernance
FNDA:215,TWAPOracle.constructor
FNDA:1053,TWAPOracle.getTWAPPrice
FNDA:1,TWAPOracle.getCurrentPrice
FNF:8
FNH:8
DA:42,8
DA:43,8
DA:47,215
DA:53,215
DA:54,214
DA:55,215
DA:57,215
DA:58,214
DA:59,214
DA:60,215
DA:61,214
DA:64,215
DA:65,214
DA:66,214
DA:75,1053
DA:76,1053
DA:77,1053
DA:78,1053
DA:79,1053
DA:82,1053
DA:85,1053
DA:86,1053
DA:89,1053
DA:90,0
DA:93,1053
DA:94,1053
DA:98,1
DA:99,1
DA:105,4
DA:111,4
DA:114,4
DA:121,4
DA:123,2
DA:124,2
DA:128,2
DA:133,0
DA:136,2
DA:139,2
DA:143,2
DA:149,6
DA:150,6
DA:151,2
DA:152,6
DA:156,2
DA:157,2
DA:158,2
DA:162,1
DA:163,1
LF:48
LH:46
end_of_record
TN:
SF:src/strategies/AdaptiveRebalanceStrategy.sol
FN:132,AdaptiveRebalanceStrategy.needsRebalance
FN:137,AdaptiveRebalanceStrategy.setRebalanceThreshold
FN:144,AdaptiveRebalanceStrategy.setGovernance
FN:152,AdaptiveRebalanceStrategy.calculateDeviation
FN:163,AdaptiveRebalanceStrategy.estimateVolatility
FN:173,AdaptiveRebalanceStrategy._computePriceDeviationBps
FN:189,AdaptiveRebalanceStrategy._alignTick
FN:195,AdaptiveRebalanceStrategy._clampTick
FN:35,AdaptiveRebalanceStrategy.onlyGovernance
FN:40,AdaptiveRebalanceStrategy.constructor
FN:49,AdaptiveRebalanceStrategy.calculateAllocation
FN:94,AdaptiveRebalanceStrategy.getRangeTicks
FNDA:5,AdaptiveRebalanceStrategy.needsRebalance
FNDA:4,AdaptiveRebalanceStrategy.setRebalanceThreshold
FNDA:2,AdaptiveRebalanceStrategy.setGovernance
FNDA:2,AdaptiveRebalanceStrategy.calculateDeviation
FNDA:34,AdaptiveRebalanceStrategy.estimateVolatility
FNDA:36,AdaptiveRebalanceStrategy._computePriceDeviationBps
FNDA:5658,AdaptiveRebalanceStrategy._alignTick
FNDA:5658,AdaptiveRebalanceStrategy._clampTick
FNDA:5,AdaptiveRebalanceStrategy.onlyGovernance
FNDA:214,AdaptiveRebalanceStrategy.constructor
FNDA:288,AdaptiveRebalanceStrategy.calculateAllocation
FNDA:943,AdaptiveRebalanceStrategy.getRangeTicks
FNF:12
FNH:12
DA:35,5
DA:36,5
DA:40,214
DA:41,214
DA:49,288
DA:54,288
DA:56,75
DA:61,75
DA:66,213
DA:68,32
DA:73,32
DA:80,181
DA:85,181
DA:94,943
DA:110,943
DA:111,943
DA:112,943
DA:115,943
DA:116,943
DA:117,943
DA:118,943
DA:119,943
DA:120,943
DA:123,943
DA:124,943
DA:125,943
DA:126,943
DA:127,943
DA:128,943
DA:132,5
DA:133,5
DA:137,4
DA:138,4
DA:139,2
DA:140,4
DA:144,2
DA:145,2
DA:146,2
DA:152,2
DA:157,2
DA:163,34
DA:168,34
DA:173,36
DA:178,36
DA:179,35
DA:183,35
DA:185,35
DA:186,35
DA:189,5658
DA:190,5658
DA:191,5658
DA:192,5658
DA:195,5658
DA:196,5658
DA:197,5652
DA:198,0
LF:56
LH:55
end_of_record
TN:
SF:src/vault/AdaptiveLPVault.sol
FN:159,AdaptiveLPVault.whenNotPaused
FN:164,AdaptiveLPVault.constructor
FN:196,AdaptiveLPVault.setAdapters
FN:222,AdaptiveLPVault.setIncentives
FN:227,AdaptiveLPVault.setGovernance
FN:232,AdaptiveLPVault.setMaxSlippage
FN:239,AdaptiveLPVault.setPaused
FN:253,AdaptiveLPVault.deposit.0
FN:293,AdaptiveLPVault.deposit.1
FN:311,AdaptiveLPVault.mint
FN:336,AdaptiveLPVault.withdrawDual
FN:382,AdaptiveLPVault.withdraw
FN:399,AdaptiveLPVault.redeem
FN:425,AdaptiveLPVault.rebalance
FN:494,AdaptiveLPVault.totalAssets
FN:507,AdaptiveLPVault.getTotalUnderlying
FN:531,AdaptiveLPVault._decodeTokenAmounts
FN:540,AdaptiveLPVault._encodeTokenAmounts
FN:549,AdaptiveLPVault.getDistribution
FN:573,AdaptiveLPVault._calculateTotalValue
FN:582,AdaptiveLPVault._wethToUSDC
FN:596,AdaptiveLPVault._usdcToWETH
FN:608,AdaptiveLPVault._getSpotPrice
FN:620,AdaptiveLPVault._investIdleFunds
FN:632,AdaptiveLPVault._investToAdapters
FN:671,AdaptiveLPVault._investV3MultiRange
FN:708,AdaptiveLPVault._reinvestWithRanges
FN:747,AdaptiveLPVault._investV3WithRanges
FN:782,AdaptiveLPVault._investOneRange
FN:796,AdaptiveLPVault._withdrawAllFromAdapters
FN:809,AdaptiveLPVault._withdrawFromAdapters
FN:837,AdaptiveLPVault._withdrawPctFromV3
FN:848,AdaptiveLPVault._withdrawFromV3Position
FN:881,AdaptiveLPVault._collectAllFees
FN:921,AdaptiveLPVault._convertToShares
FN:933,AdaptiveLPVault._convertToAssets
FNDA:314,AdaptiveLPVault.whenNotPaused
FNDA:214,AdaptiveLPVault.constructor
FNDA:216,AdaptiveLPVault.setAdapters
FNDA:217,AdaptiveLPVault.setIncentives
FNDA:1,AdaptiveLPVault.setGovernance
FNDA:3,AdaptiveLPVault.setMaxSlippage
FNDA:4,AdaptiveLPVault.setPaused
FNDA:312,AdaptiveLPVault.deposit.0
FNDA:2,AdaptiveLPVault.deposit.1
FNDA:1,AdaptiveLPVault.mint
FNDA:266,AdaptiveLPVault.withdrawDual
FNDA:0,AdaptiveLPVault.withdraw
FNDA:1,AdaptiveLPVault.redeem
FNDA:31,AdaptiveLPVault.rebalance
FNDA:395,AdaptiveLPVault.totalAssets
FNDA:659,AdaptiveLPVault.getTotalUnderlying
FNDA:2018,AdaptiveLPVault._decodeTokenAmounts
FNDA:2375,AdaptiveLPVault._encodeTokenAmounts
FNDA:4,AdaptiveLPVault.getDistribution
FNDA:311,AdaptiveLPVault._calculateTotalValue
FNDA:704,AdaptiveLPVault._wethToUSDC
FNDA:0,AdaptiveLPVault._usdcToWETH
FNDA:559,AdaptiveLPVault._getSpotPrice
FNDA:313,AdaptiveLPVault._investIdleFunds
FNDA:312,AdaptiveLPVault._investToAdapters
FNDA:624,AdaptiveLPVault._investV3MultiRange
FNDA:29,AdaptiveLPVault._reinvestWithRanges
FNDA:58,AdaptiveLPVault._investV3WithRanges
FNDA:2044,AdaptiveLPVault._investOneRange
FNDA:29,AdaptiveLPVault._withdrawAllFromAdapters
FNDA:264,AdaptiveLPVault._withdrawFromAdapters
FNDA:528,AdaptiveLPVault._withdrawPctFromV3
FNDA:1578,AdaptiveLPVault._withdrawFromV3Position
FNDA:29,AdaptiveLPVault._collectAllFees
FNDA:6,AdaptiveLPVault._convertToShares
FNDA:7,AdaptiveLPVault._convertToAssets
FNF:36
FNH:34
DA:159,314
DA:160,2
DA:164,214
DA:173,214
DA:177,214
DA:178,214
DA:179,214
DA:181,214
DA:182,214
DA:183,214
DA:184,214
DA:187,214
DA:190,214
DA:196,216
DA:201,216
DA:202,215
DA:203,215
DA:204,215
DA:205,215
DA:207,216
DA:208,214
DA:209,214
DA:210,214
DA:211,214
DA:213,216
DA:214,214
DA:215,214
DA:216,214
DA:217,214
DA:222,217
DA:223,217
DA:227,1
DA:228,1
DA:232,3
DA:233,3
DA:234,2
DA:235,3
DA:239,4
DA:240,4
DA:241,4
DA:253,312
DA:258,312
DA:261,311
DA:264,311
DA:265,311
DA:267,311
DA:268,304
DA:270,7
DA:273,311
DA:276,310
DA:277,309
DA:279,310
DA:280,309
DA:284,310
DA:287,0
DA:289,310
DA:293,2
DA:300,2
DA:302,2
DA:303,2
DA:304,2
DA:306,0
DA:307,2
DA:311,1
DA:318,1
DA:319,1
DA:320,1
DA:322,0
DA:323,1
DA:336,266
DA:341,266
DA:342,265
DA:344,264
DA:345,264
DA:348,264
DA:349,264
DA:350,265
DA:352,264
DA:353,264
DA:354,264
DA:356,264
DA:359,263
DA:362,263
DA:364,263
DA:365,263
DA:367,263
DA:368,263
DA:371,263
DA:372,263
DA:374,263
DA:375,263
DA:378,263
DA:382,0
DA:387,0
DA:388,0
DA:391,0
DA:392,0
DA:394,0
DA:395,0
DA:399,1
DA:404,1
DA:405,1
DA:407,1
DA:408,1
DA:410,1
DA:411,1
DA:425,31
DA:427,31
DA:428,31
DA:429,31
DA:432,31
DA:433,11
DA:434,11
DA:435,0
DA:437,11
DA:439,0
DA:442,29
DA:446,29
DA:448,29
DA:455,0
DA:458,0
DA:461,29
DA:466,29
DA:469,29
DA:472,29
DA:473,29
DA:474,29
DA:476,29
DA:479,29
DA:480,29
DA:481,6
DA:482,6
DA:488,29
DA:494,395
DA:495,395
DA:497,395
DA:498,394
DA:499,393
DA:500,393
DA:501,1
DA:502,1
DA:507,659
DA:509,659
DA:510,659
DA:513,659
DA:514,659
DA:515,659
DA:516,659
DA:518,659
DA:519,659
DA:520,659
DA:521,659
DA:523,659
DA:524,659
DA:525,659
DA:526,659
DA:531,2018
DA:532,2018
DA:533,2018
DA:535,0
DA:540,2375
DA:541,2375
DA:542,2375
DA:544,0
DA:549,4
DA:555,4
DA:556,4
DA:558,4
DA:559,4
DA:560,4
DA:562,4
DA:563,4
DA:564,4
DA:566,4
DA:567,4
DA:568,4
DA:573,311
DA:578,311
DA:579,311
DA:582,704
DA:583,704
DA:584,394
DA:585,394
DA:588,394
DA:592,0
DA:596,0
DA:597,0
DA:598,0
DA:599,0
DA:601,0
DA:604,0
DA:608,559
DA:610,0
DA:614,559
DA:620,313
DA:621,313
DA:622,313
DA:623,313
DA:625,312
DA:628,312
DA:632,312
DA:638,312
DA:639,312
DA:641,312
DA:644,312
DA:645,312
DA:646,312
DA:647,312
DA:648,306
DA:649,306
DA:650,306
DA:651,306
DA:656,312
DA:657,312
DA:658,312
DA:659,312
DA:663,312
DA:664,312
DA:665,312
DA:666,312
DA:671,624
DA:678,624
DA:680,624
DA:682,624
DA:683,624
DA:684,624
DA:685,624
DA:688,624
DA:689,622
DA:690,622
DA:691,622
DA:695,624
DA:696,624
DA:697,624
DA:701,624
DA:702,624
DA:703,624
DA:708,29
DA:712,29
DA:714,29
DA:715,29
DA:717,29
DA:718,29
DA:721,29
DA:722,29
DA:723,29
DA:724,29
DA:725,29
DA:726,29
DA:727,29
DA:728,29
DA:733,29
DA:734,29
DA:735,29
DA:736,29
DA:740,29
DA:741,29
DA:742,29
DA:743,29
DA:747,58
DA:754,58
DA:756,58
DA:758,58
DA:759,58
DA:763,58
DA:764,58
DA:765,58
DA:769,58
DA:770,58
DA:771,58
DA:775,58
DA:776,58
DA:777,58
DA:782,2044
DA:789,2044
DA:790,2040
DA:791,2040
DA:796,29
DA:797,29
DA:798,29
DA:800,29
DA:801,29
DA:803,29
DA:804,29
DA:809,264
DA:811,264
DA:812,264
DA:813,264
DA:814,264
DA:815,264
DA:816,263
DA:817,263
DA:818,263
DA:819,263
DA:820,263
DA:821,263
DA:822,263
DA:823,263
DA:825,263
DA:829,264
DA:830,264
DA:832,264
DA:833,264
DA:837,528
DA:838,528
DA:839,528
DA:840,528
DA:841,528
DA:843,528
DA:844,1578
DA:848,1578
DA:856,1578
DA:858,1578
DA:859,0
DA:862,1578
DA:863,1578
DA:865,1578
DA:872,1578
DA:881,29
DA:882,29
DA:883,29
DA:885,29
DA:886,29
DA:887,29
DA:888,29
DA:889,29
DA:890,29
DA:894,29
DA:895,29
DA:896,29
DA:897,0
DA:898,0
DA:899,0
DA:903,29
DA:904,29
DA:905,29
DA:906,0
DA:907,0
DA:908,0
DA:912,29
DA:913,0
DA:914,0
DA:915,0
DA:921,6
DA:927,6
DA:928,6
DA:929,6
DA:930,3
DA:933,7
DA:939,7
DA:940,7
DA:941,7
DA:942,6
LF:353
LH:319
end_of_record
