TN:
SF:script/Deploy.s.sol
DA:29,0
FN:29,DeployScript.run
FNDA:0,DeployScript.run
DA:30,0
DA:31,0
DA:32,0
DA:34,0
DA:37,0
DA:38,0
DA:39,0
DA:40,0
DA:41,0
DA:44,0
DA:45,0
DA:48,0
DA:49,0
DA:50,0
DA:51,0
DA:52,0
DA:54,0
DA:55,0
BRDA:55,0,0,-
BRDA:55,0,1,-
DA:58,0
DA:59,0
DA:62,0
DA:66,0
DA:69,0
DA:73,0
DA:74,0
BRDA:74,1,0,-
BRDA:74,1,1,-
DA:75,0
DA:76,0
DA:78,0
DA:82,0
DA:83,0
DA:84,0
BRDA:84,2,0,-
DA:85,0
DA:87,0
DA:89,0
BRDA:89,3,0,-
DA:90,0
DA:92,0
DA:96,0
DA:99,0
DA:100,0
DA:101,0
DA:102,0
DA:103,0
DA:105,0
DA:106,0
DA:107,0
FNF:1
FNH:0
LF:46
LH:0
BRF:6
BRH:0
end_of_record
TN:
SF:src/adapters/UniswapV2Adapter.sol
DA:53,29
FN:53,UniswapV2Adapter.onlyVault
FNDA:29,UniswapV2Adapter.onlyVault
DA:54,29
BRDA:54,0,0,-
BRDA:54,0,1,-
DA:58,428
FN:58,UniswapV2Adapter.constructor
FNDA:428,UniswapV2Adapter.constructor
DA:64,428
BRDA:64,1,0,-
BRDA:64,1,1,-
DA:65,428
BRDA:65,2,0,-
BRDA:65,2,1,-
DA:66,428
BRDA:66,3,0,428
BRDA:66,3,1,428
DA:68,428
DA:69,428
DA:70,428
DA:71,428
DA:72,428
DA:75,428
DA:76,428
BRDA:76,4,0,214
DA:77,214
DA:79,428
DA:82,428
DA:83,428
DA:84,428
DA:88,340
FN:88,UniswapV2Adapter.addLiquidity
FNDA:340,UniswapV2Adapter.addLiquidity
DA:95,340
BRDA:95,5,0,340
BRDA:95,5,1,1
DA:98,0
BRDA:98,6,0,339
DA:99,339
DA:101,339
BRDA:101,7,0,339
DA:102,339
DA:106,340
DA:117,339
DA:118,339
DA:119,339
BRDA:119,8,0,-
DA:120,339
BRDA:120,9,0,-
DA:122,339
DA:123,339
DA:127,263
FN:127,UniswapV2Adapter.removeLiquidity
FNDA:263,UniswapV2Adapter.removeLiquidity
DA:133,263
BRDA:133,10,0,-
BRDA:133,10,1,-
DA:134,263
BRDA:134,11,0,263
BRDA:134,11,1,-
DA:136,263
DA:146,263
DA:153,29
FN:153,UniswapV2Adapter.collectFees
FNDA:29,UniswapV2Adapter.collectFees
DA:159,29
DA:160,29
DA:161,29
DA:165,666
FN:165,UniswapV2Adapter.getTotalAssets
FNDA:666,UniswapV2Adapter.getTotalAssets
DA:166,666
DA:170,1
FN:170,UniswapV2Adapter.getPositionAssets
FNDA:1,UniswapV2Adapter.getPositionAssets
DA:176,1
DA:180,30
FN:180,UniswapV2Adapter.getActivePositions
FNDA:30,UniswapV2Adapter.getActivePositions
DA:181,30
DA:182,30
DA:186,270
FN:186,UniswapV2Adapter.getLpBalance
FNDA:270,UniswapV2Adapter.getLpBalance
DA:187,270
DA:191,30
FN:191,UniswapV2Adapter.withdrawAll
FNDA:30,UniswapV2Adapter.withdrawAll
DA:192,30
DA:194,30
DA:195,30
DA:197,30
DA:199,30
DA:200,30
DA:203,30
DA:204,30
DA:206,30
BRDA:206,12,0,30
DA:207,30
DA:218,30
DA:219,30
DA:220,30
BRDA:220,13,0,-
DA:221,30
BRDA:221,14,0,-
DA:224,667
FN:224,UniswapV2Adapter._getTotalAssets
FNDA:667,UniswapV2Adapter._getTotalAssets
DA:225,667
DA:226,667
BRDA:226,15,0,311
DA:227,311
DA:228,311
DA:229,311
DA:232,356
DA:233,356
DA:236,356
DA:237,356
DA:240,356
DA:241,356
DA:244,356
DA:245,356
FNF:11
FNH:11
LF:78
LH:77
BRF:23
BRH:10
end_of_record
TN:
SF:src/adapters/UniswapV3Adapter.sol
DA:74,4
FN:74,UniswapV3Adapter.onlyVault
FNDA:4,UniswapV3Adapter.onlyVault
DA:75,4
BRDA:75,0,0,-
BRDA:75,0,1,-
DA:79,856
FN:79,UniswapV3Adapter.constructor
FNDA:856,UniswapV3Adapter.constructor
DA:86,856
BRDA:86,1,0,-
BRDA:86,1,1,-
DA:87,856
BRDA:87,2,0,-
BRDA:87,2,1,-
DA:88,856
BRDA:88,3,0,856
BRDA:88,3,1,428
DA:91,856
DA:92,856
DA:93,856
DA:94,856
DA:95,856
DA:96,856
DA:99,856
BRDA:99,4,0,856
BRDA:99,4,1,-
DA:103,2063
FN:103,UniswapV3Adapter.getPositionId
FNDA:2063,UniswapV3Adapter.getPositionId
DA:104,2063
DA:107,0
FN:107,UniswapV3Adapter.pool
FNDA:0,UniswapV3Adapter.pool
DA:108,0
DA:112,2059
FN:112,UniswapV3Adapter.addLiquidity
FNDA:2059,UniswapV3Adapter.addLiquidity
DA:120,2059
DA:121,2059
BRDA:121,5,0,-
BRDA:121,5,1,-
DA:124,2058
DA:125,2058
BRDA:125,6,0,2058
BRDA:125,6,1,2057
DA:128,2057
DA:131,2057
DA:132,2057
DA:133,2057
DA:135,2057
DA:143,2057
BRDA:143,7,0,24
DA:146,2033
BRDA:146,8,0,2033
DA:147,2033
DA:149,2033
BRDA:149,9,0,2032
DA:150,2032
DA:154,2033
DA:162,2033
BRDA:162,10,0,2033
BRDA:162,10,1,2032
DA:165,2032
DA:166,2032
BRDA:166,11,0,1990
DA:167,1990
DA:168,1990
DA:169,1990
DA:171,1990
DA:172,1990
DA:173,1990
DA:174,1990
DA:176,2032
DA:178,2032
DA:179,2032
DA:180,2032
BRDA:180,12,0,2032
DA:181,2032
BRDA:181,13,0,2031
DA:183,2032
DA:187,1583
FN:187,UniswapV3Adapter.removeLiquidity
FNDA:1583,UniswapV3Adapter.removeLiquidity
DA:193,1583
DA:194,1583
BRDA:194,14,0,-
BRDA:194,14,1,-
DA:195,1582
BRDA:195,15,0,1582
BRDA:195,15,1,1581
DA:198,1583
DA:199,1580
BRDA:199,16,0,1580
BRDA:199,16,1,1580
DA:202,1580
DA:209,1580
BRDA:209,17,0,1580
BRDA:209,17,1,1580
DA:212,1580
DA:213,1580
DA:214,1580
DA:216,1580
DA:217,1580
DA:218,1580
DA:221,1580
BRDA:221,18,0,1543
DA:222,1543
DA:223,1543
DA:226,1580
DA:230,4
FN:230,UniswapV3Adapter.collectFees
FNDA:4,UniswapV3Adapter.collectFees
DA:236,4
DA:237,4
BRDA:237,19,0,-
BRDA:237,19,1,-
DA:240,3
DA:243,3
DA:251,3
DA:252,3
DA:254,3
DA:255,3
DA:256,3
DA:257,3
DA:258,3
DA:261,3
DA:265,2033
FN:265,UniswapV3Adapter.uniswapV3MintCallback
FNDA:2033,UniswapV3Adapter.uniswapV3MintCallback
DA:270,2033
BRDA:270,20,0,-
BRDA:270,20,1,-
DA:273,2033
BRDA:273,21,0,2029
DA:274,2029
DA:276,2033
BRDA:276,22,0,2028
DA:277,2028
DA:281,8
FN:281,UniswapV3Adapter.getLpBalance
FNDA:8,UniswapV3Adapter.getLpBalance
DA:282,8
DA:283,8
DA:284,7
DA:285,7
DA:286,7
DA:288,0
DA:292,1328
FN:292,UniswapV3Adapter.getTotalAssets
FNDA:1328,UniswapV3Adapter.getTotalAssets
DA:293,1328
DA:294,2119
DA:295,2119
DA:296,2119
DA:297,2119
DA:298,2119
DA:299,2119
DA:302,1328
DA:303,1328
DA:307,1
FN:307,UniswapV3Adapter.getPositionAssets
FNDA:1,UniswapV3Adapter.getPositionAssets
DA:313,1
DA:317,595
FN:317,UniswapV3Adapter.getActivePositions
FNDA:595,UniswapV3Adapter.getActivePositions
DA:318,595
DA:321,1580
FN:321,UniswapV3Adapter.getPositionInfo
FNDA:1580,UniswapV3Adapter.getPositionInfo
DA:334,1580
DA:336,1580
DA:350,5693
FN:350,UniswapV3Adapter._getFeeGrowthInside
FNDA:5693,UniswapV3Adapter._getFeeGrowthInside
DA:355,5693
DA:356,5693
DA:357,5693
DA:359,5693
DA:360,5693
DA:361,5693
DA:362,5693
DA:365,5693
BRDA:365,23,0,3
BRDA:365,23,1,5669
DA:366,3
DA:367,3
DA:368,5690
BRDA:368,24,0,21
BRDA:368,24,1,5669
DA:369,21
DA:370,21
DA:372,5669
DA:373,5669
DA:380,2120
FN:380,UniswapV3Adapter._calcSinglePosition
FNDA:2120,UniswapV3Adapter._calcSinglePosition
DA:385,2120
DA:386,2120
BRDA:386,25,0,-
DA:387,0
DA:390,2120
DA:391,2120
DA:392,2120
DA:394,2120
DA:398,2120
DA:400,2120
DA:403,2120
DA:407,4240
FN:407,UniswapV3Adapter._computeFeesEarned
FNDA:4240,UniswapV3Adapter._computeFeesEarned
DA:413,4240
DA:421,1543
FN:421,UniswapV3Adapter._removeFromActiveList
FNDA:1543,UniswapV3Adapter._removeFromActiveList
DA:422,1543
DA:423,2057
BRDA:423,26,0,1543
DA:424,1543
DA:425,1543
DA:426,0
DA:432,59
FN:432,UniswapV3Adapter.withdrawAll
FNDA:59,UniswapV3Adapter.withdrawAll
DA:434,59
DA:435,175
DA:436,175
DA:437,175
BRDA:437,27,0,175
DA:438,175
DA:439,175
DA:440,175
DA:441,175
DA:447,59
DA:448,59
DA:449,59
BRDA:449,28,0,-
DA:450,59
BRDA:450,29,0,-
FNF:18
FNH:17
LF:158
LH:153
BRF:46
BRH:28
end_of_record
TN:
SF:src/governance/AdaptiveGovernance.sol
DA:16,214
FN:16,GovernanceToken.constructor.0
FNDA:214,GovernanceToken.constructor.0
DA:17,214
DA:20,33
FN:20,GovernanceToken.onlyMinter
FNDA:33,GovernanceToken.onlyMinter
DA:21,33
BRDA:21,0,0,-
BRDA:21,0,1,-
DA:25,214
FN:25,GovernanceToken.setMinter
FNDA:214,GovernanceToken.setMinter
DA:26,214
BRDA:26,1,0,-
BRDA:26,1,1,-
DA:27,214
DA:30,32
FN:30,GovernanceToken.mint
FNDA:32,GovernanceToken.mint
DA:31,32
DA:34,1
FN:34,GovernanceToken.burn
FNDA:1,GovernanceToken.burn
DA:35,1
DA:133,214
FN:133,AdaptiveGovernance.constructor.1
FNDA:214,AdaptiveGovernance.constructor.1
DA:134,214
DA:137,214
DA:152,215
FN:152,AdaptiveGovernance.setVault
FNDA:215,AdaptiveGovernance.setVault
DA:153,215
DA:159,34
FN:159,AdaptiveGovernance.propose
FNDA:34,AdaptiveGovernance.propose
DA:166,34
BRDA:166,2,0,34
BRDA:166,2,1,-
DA:171,32
DA:172,32
DA:173,32
DA:174,32
DA:175,32
DA:176,32
DA:177,32
DA:178,32
DA:179,32
DA:180,34
DA:182,32
DA:183,0
DA:187,25
FN:187,AdaptiveGovernance.castVote
FNDA:25,AdaptiveGovernance.castVote
DA:188,25
DA:189,25
BRDA:189,3,0,-
BRDA:189,3,1,-
DA:190,24
BRDA:190,4,0,24
BRDA:190,4,1,23
DA:191,22
BRDA:191,5,0,-
BRDA:191,5,1,-
DA:193,21
DA:194,21
BRDA:194,6,0,-
BRDA:194,6,1,-
DA:196,21
DA:197,17
BRDA:197,7,0,17
BRDA:197,7,1,3
DA:198,17
DA:200,3
DA:203,21
DA:207,34
FN:207,AdaptiveGovernance.getProposalState
FNDA:34,AdaptiveGovernance.getProposalState
DA:208,34
DA:209,34
BRDA:209,8,0,-
BRDA:209,8,1,-
DA:211,4
BRDA:211,9,0,4
DA:212,3
BRDA:212,10,0,3
DA:213,26
BRDA:213,11,0,3
DA:214,23
BRDA:214,12,0,3
DA:215,20
BRDA:215,13,0,15
DA:216,15
DA:218,5
DA:222,16
FN:222,AdaptiveGovernance.executeProposal
FNDA:16,AdaptiveGovernance.executeProposal
DA:223,16
BRDA:223,14,0,-
BRDA:223,14,1,-
DA:225,12
DA:226,12
DA:229,12
DA:237,16
DA:241,15
FN:241,AdaptiveGovernance.executeTimelock
FNDA:15,AdaptiveGovernance.executeTimelock
DA:242,15
DA:243,15
BRDA:243,15,0,-
BRDA:243,15,1,-
DA:244,13
BRDA:244,16,0,-
BRDA:244,16,1,-
DA:246,15
DA:249,10
DA:253,6
FN:253,AdaptiveGovernance.cancelProposal
FNDA:6,AdaptiveGovernance.cancelProposal
DA:254,6
DA:255,6
BRDA:255,17,0,6
BRDA:255,17,1,2
DA:256,6
DA:257,6
DA:262,18
FN:262,AdaptiveGovernance.getParams
FNDA:18,AdaptiveGovernance.getParams
DA:263,18
DA:266,1
FN:266,AdaptiveGovernance.setTWAPWindow
FNDA:1,AdaptiveGovernance.setTWAPWindow
DA:267,1
DA:268,1
DA:271,1
FN:271,AdaptiveGovernance.setRebalanceThreshold
FNDA:1,AdaptiveGovernance.setRebalanceThreshold
DA:272,1
DA:273,1
DA:276,1
FN:276,AdaptiveGovernance.setIncentiveBps
FNDA:1,AdaptiveGovernance.setIncentiveBps
DA:277,1
DA:278,1
DA:281,1
FN:281,AdaptiveGovernance.setMaxSlippageBps
FNDA:1,AdaptiveGovernance.setMaxSlippageBps
DA:282,1
DA:283,1
DA:286,1
FN:286,AdaptiveGovernance.setWeightCaps
FNDA:1,AdaptiveGovernance.setWeightCaps
DA:287,1
DA:288,1
DA:289,1
DA:290,1
DA:293,1
FN:293,AdaptiveGovernance.setRangeBps
FNDA:1,AdaptiveGovernance.setRangeBps
DA:294,1
DA:295,1
DA:296,1
DA:297,1
DA:302,10
FN:302,AdaptiveGovernance._applyParam
FNDA:10,AdaptiveGovernance._applyParam
DA:303,10
BRDA:303,18,0,5
BRDA:303,18,1,1
DA:304,5
DA:305,5
BRDA:305,19,0,1
BRDA:305,19,1,1
DA:306,1
DA:307,4
BRDA:307,20,0,1
BRDA:307,20,1,1
DA:308,1
DA:309,3
BRDA:309,21,0,1
BRDA:309,21,1,1
DA:310,1
DA:311,2
BRDA:311,22,0,1
BRDA:311,22,1,1
DA:312,1
DA:313,1
DA:314,1
DA:315,1
BRDA:315,23,0,1
DA:316,1
DA:317,1
DA:318,1
FNF:21
FNH:21
LF:110
LH:109
BRF:42
BRH:23
end_of_record
TN:
SF:src/incentives/RebalanceIncentives.sol
DA:62,22
FN:62,RebalanceIncentives.onlyVault
FNDA:22,RebalanceIncentives.onlyVault
DA:63,22
BRDA:63,0,0,-
BRDA:63,0,1,-
DA:67,216
FN:67,RebalanceIncentives.constructor
FNDA:216,RebalanceIncentives.constructor
DA:72,216
BRDA:72,1,0,-
BRDA:72,1,1,-
DA:73,216
BRDA:73,2,0,-
BRDA:73,2,1,-
DA:74,216
BRDA:74,3,0,-
BRDA:74,3,1,-
DA:76,216
DA:77,216
DA:78,216
DA:80,216
DA:81,216
DA:82,216
DA:90,21
FN:90,RebalanceIncentives.onRebalanceExecuted
FNDA:21,RebalanceIncentives.onRebalanceExecuted
DA:96,21
BRDA:96,4,0,4
DA:97,4
BRDA:97,5,0,-
BRDA:97,5,1,-
DA:104,20
BRDA:104,6,0,-
BRDA:104,6,1,-
DA:105,19
DA:106,19
BRDA:106,7,0,-
BRDA:106,7,1,-
DA:109,19
DA:112,18
DA:113,18
BRDA:113,8,0,1
DA:114,1
DA:117,18
BRDA:117,9,0,17
DA:118,17
DA:119,17
DA:122,18
DA:124,18
DA:128,2
FN:128,RebalanceIncentives.claimReward
FNDA:2,RebalanceIncentives.claimReward
DA:129,2
DA:130,2
BRDA:130,10,0,-
BRDA:130,10,1,-
DA:132,1
DA:133,1
DA:135,1
DA:139,5
FN:139,RebalanceIncentives.pendingReward
FNDA:5,RebalanceIncentives.pendingReward
DA:140,5
DA:144,3
FN:144,RebalanceIncentives.canRebalance
FNDA:3,RebalanceIncentives.canRebalance
DA:145,3
BRDA:145,11,0,1
DA:146,2
DA:150,6
FN:150,RebalanceIncentives.fundRewards
FNDA:6,RebalanceIncentives.fundRewards
DA:151,6
BRDA:151,12,0,-
BRDA:151,12,1,-
DA:152,5
BRDA:152,13,0,5
BRDA:152,13,1,2
DA:153,6
DA:158,3
FN:158,RebalanceIncentives.setIncentiveBps
FNDA:3,RebalanceIncentives.setIncentiveBps
DA:159,3
BRDA:159,14,0,-
BRDA:159,14,1,-
DA:160,2
DA:161,3
DA:164,3
FN:164,RebalanceIncentives.setCooldownPeriod
FNDA:3,RebalanceIncentives.setCooldownPeriod
DA:165,3
BRDA:165,15,0,3
BRDA:165,15,1,2
DA:166,1
DA:167,3
DA:170,1
FN:170,RebalanceIncentives.setMinProfitThreshold
FNDA:1,RebalanceIncentives.setMinProfitThreshold
DA:171,1
DA:172,1
FNF:10
FNH:10
LF:53
LH:53
BRF:28
BRH:8
end_of_record
TN:
SF:src/libraries/UniswapMath.sol
DA:11,40090
FN:11,FullMath.mulDiv
FNDA:40090,FullMath.mulDiv
DA:17,40090
DA:18,40090
DA:20,0
DA:21,0
DA:22,0
DA:25,40090
BRDA:25,0,0,39833
DA:26,39833
DA:29,257
BRDA:29,1,0,-
BRDA:29,1,1,-
DA:31,257
DA:33,0
DA:34,0
DA:35,0
DA:38,257
DA:40,0
DA:41,0
DA:42,0
DA:45,257
DA:47,257
DA:48,257
DA:49,257
DA:50,257
DA:51,257
DA:52,257
DA:53,257
DA:55,257
DA:60,259
FN:60,FullMath.mulDivRoundingUp
FNDA:259,FullMath.mulDivRoundingUp
DA:66,259
DA:67,259
BRDA:67,2,0,228
DA:68,228
BRDA:68,3,0,-
BRDA:68,3,1,-
DA:69,228
DA:92,20007
FN:92,TickMath.getSqrtRatioAtTick
FNDA:20007,TickMath.getSqrtRatioAtTick
DA:94,20007
DA:95,20007
BRDA:95,4,0,-
BRDA:95,4,1,-
DA:97,20007
DA:100,20007
BRDA:100,5,0,959
DA:101,20007
BRDA:101,6,0,11808
DA:102,20007
BRDA:102,7,0,5311
DA:103,20007
BRDA:103,8,0,7760
DA:104,20007
BRDA:104,9,0,8036
DA:105,20007
BRDA:105,10,0,18415
DA:106,20007
BRDA:106,11,0,9600
DA:107,20007
BRDA:107,12,0,6817
DA:108,20007
BRDA:108,13,0,10225
DA:109,20007
BRDA:109,14,0,10164
DA:110,20007
BRDA:110,15,0,13088
DA:111,20007
BRDA:111,16,0,6323
DA:112,20007
BRDA:112,17,0,1031
DA:113,20007
BRDA:113,18,0,1008
DA:114,20007
BRDA:114,19,0,1222
DA:115,20007
BRDA:115,20,0,17758
DA:116,20007
BRDA:116,21,0,17140
DA:117,20007
BRDA:117,22,0,609
DA:118,20007
BRDA:118,23,0,665
DA:120,20007
BRDA:120,24,0,2654
DA:122,20007
DA:127,967
FN:127,TickMath.getTickAtSqrtRatio
FNDA:967,TickMath.getTickAtSqrtRatio
DA:129,967
BRDA:129,25,0,967
BRDA:129,25,1,967
DA:130,967
DA:132,967
DA:133,967
DA:136,0
DA:137,0
DA:138,0
DA:141,0
DA:142,0
DA:143,0
DA:146,0
DA:147,0
DA:148,0
DA:151,0
DA:152,0
DA:153,0
DA:156,0
DA:157,0
DA:158,0
DA:161,0
DA:162,0
DA:163,0
DA:166,0
DA:167,0
DA:168,0
DA:171,0
DA:172,0
DA:175,967
BRDA:175,26,0,380
BRDA:175,26,1,587
DA:176,587
DA:178,967
DA:181,0
DA:182,0
DA:183,0
DA:184,0
DA:187,0
DA:188,0
DA:189,0
DA:190,0
DA:193,0
DA:194,0
DA:195,0
DA:196,0
DA:199,0
DA:200,0
DA:201,0
DA:202,0
DA:205,0
DA:206,0
DA:207,0
DA:208,0
DA:211,0
DA:212,0
DA:213,0
DA:214,0
DA:217,0
DA:218,0
DA:219,0
DA:220,0
DA:223,0
DA:224,0
DA:225,0
DA:226,0
DA:229,0
DA:230,0
DA:231,0
DA:232,0
DA:235,0
DA:236,0
DA:237,0
DA:238,0
DA:241,0
DA:242,0
DA:243,0
DA:244,0
DA:247,0
DA:248,0
DA:249,0
DA:250,0
DA:253,0
DA:254,0
DA:255,0
DA:256,0
DA:259,0
DA:260,0
DA:261,0
DA:264,967
DA:266,967
DA:267,967
DA:269,967
DA:282,2316
FN:282,LiquidityAmounts.getLiquidityForAmount0
FNDA:2316,LiquidityAmounts.getLiquidityForAmount0
DA:287,2316
BRDA:287,27,0,1
DA:288,2316
DA:289,2316
DA:293,2318
FN:293,LiquidityAmounts.getLiquidityForAmount1
FNDA:2318,LiquidityAmounts.getLiquidityForAmount1
DA:298,2318
BRDA:298,28,0,1
DA:299,2318
DA:303,2318
FN:303,LiquidityAmounts.getLiquidityForAmounts
FNDA:2318,LiquidityAmounts.getLiquidityForAmounts
DA:310,2318
BRDA:310,29,0,1
DA:312,2318
BRDA:312,30,0,3
BRDA:312,30,1,1753
DA:313,3
DA:314,2315
BRDA:314,31,0,2310
BRDA:314,31,1,1753
DA:315,2310
DA:316,2310
DA:317,2310
DA:319,5
DA:324,6254
FN:324,LiquidityAmounts.getAmountsForLiquidity
FNDA:6254,LiquidityAmounts.getAmountsForLiquidity
DA:330,6254
BRDA:330,32,0,1
DA:332,6254
BRDA:332,33,0,261
BRDA:332,33,1,22
DA:333,261
DA:334,5993
BRDA:334,34,0,5971
BRDA:334,34,1,22
DA:335,5971
DA:336,5971
DA:338,22
DA:342,6232
FN:342,LiquidityAmounts.getAmount0ForLiquidity
FNDA:6232,LiquidityAmounts.getAmount0ForLiquidity
DA:347,6232
BRDA:347,35,0,-
DA:348,6232
DA:349,6232
DA:356,5993
FN:356,LiquidityAmounts.getAmount1ForLiquidity
FNDA:5993,LiquidityAmounts.getAmount1ForLiquidity
DA:361,5993
BRDA:361,36,0,-
DA:362,5993
DA:365,4634
FN:365,LiquidityAmounts.toUint128
FNDA:4634,LiquidityAmounts.toUint128
DA:366,4634
BRDA:366,37,0,-
BRDA:366,37,1,-
FNF:11
FNH:11
LF:179
LH:92
BRF:48
BRH:38
end_of_record
TN:
SF:src/oracles/TWAPOracle.sol
DA:42,8
FN:42,TWAPOracle.onlyGovernance
FNDA:8,TWAPOracle.onlyGovernance
DA:43,8
BRDA:43,0,0,8
BRDA:43,0,1,7
DA:47,215
FN:47,TWAPOracle.constructor
FNDA:215,TWAPOracle.constructor
DA:53,215
BRDA:53,1,0,-
BRDA:53,1,1,-
DA:54,214
BRDA:54,2,0,-
BRDA:54,2,1,-
DA:55,215
BRDA:55,3,0,-
BRDA:55,3,1,-
DA:57,215
DA:58,214
DA:59,214
DA:60,215
DA:61,214
DA:64,215
DA:65,214
DA:66,214
BRDA:66,4,0,-
BRDA:66,4,1,-
DA:75,1053
FN:75,TWAPOracle.getTWAPPrice
FNDA:1053,TWAPOracle.getTWAPPrice
DA:76,1053
DA:77,1053
DA:78,1053
DA:79,1053
DA:82,1053
DA:85,1053
DA:86,1053
DA:89,1053
BRDA:89,5,0,-
DA:90,0
DA:93,1053
DA:94,1053
DA:98,1
FN:98,TWAPOracle.getCurrentPrice
FNDA:1,TWAPOracle.getCurrentPrice
DA:99,1
DA:105,4
FN:105,TWAPOracle.quote
FNDA:4,TWAPOracle.quote
DA:111,4
DA:114,4
DA:121,4
DA:123,2
BRDA:123,6,0,2
BRDA:123,6,1,-
DA:124,2
BRDA:124,7,0,2
BRDA:124,7,1,-
DA:128,2
DA:133,0
DA:136,2
BRDA:136,8,0,2
BRDA:136,8,1,-
DA:139,2
DA:143,2
DA:149,6
FN:149,TWAPOracle.setTWAPWindow
FNDA:6,TWAPOracle.setTWAPWindow
DA:150,6
BRDA:150,9,0,6
BRDA:150,9,1,4
DA:151,2
DA:152,6
DA:156,2
FN:156,TWAPOracle.setGovernance
FNDA:2,TWAPOracle.setGovernance
DA:157,2
DA:158,2
DA:162,1
FN:162,TWAPOracle.ensureObservationCardinality
FNDA:1,TWAPOracle.ensureObservationCardinality
DA:163,1
FNF:8
FNH:8
LF:48
LH:46
BRF:19
BRH:7
end_of_record
TN:
SF:src/strategies/AdaptiveRebalanceStrategy.sol
DA:35,5
FN:35,AdaptiveRebalanceStrategy.onlyGovernance
FNDA:5,AdaptiveRebalanceStrategy.onlyGovernance
DA:36,5
BRDA:36,0,0,5
BRDA:36,0,1,4
DA:40,214
FN:40,AdaptiveRebalanceStrategy.constructor
FNDA:214,AdaptiveRebalanceStrategy.constructor
DA:41,214
DA:49,288
FN:49,AdaptiveRebalanceStrategy.calculateAllocation
FNDA:288,AdaptiveRebalanceStrategy.calculateAllocation
DA:54,288
BRDA:54,1,0,75
BRDA:54,1,1,181
DA:56,75
DA:61,75
DA:66,213
BRDA:66,2,0,32
BRDA:66,2,1,181
DA:68,32
DA:73,32
DA:80,181
DA:85,181
DA:94,943
FN:94,AdaptiveRebalanceStrategy.getRangeTicks
FNDA:943,AdaptiveRebalanceStrategy.getRangeTicks
DA:110,943
DA:111,943
DA:112,943
DA:115,943
DA:116,943
DA:117,943
DA:118,943
DA:119,943
DA:120,943
DA:123,943
DA:124,943
DA:125,943
DA:126,943
DA:127,943
DA:128,943
DA:132,5
FN:132,AdaptiveRebalanceStrategy.needsRebalance
FNDA:5,AdaptiveRebalanceStrategy.needsRebalance
DA:133,5
DA:137,4
FN:137,AdaptiveRebalanceStrategy.setRebalanceThreshold
FNDA:4,AdaptiveRebalanceStrategy.setRebalanceThreshold
DA:138,4
BRDA:138,3,0,4
BRDA:138,3,1,3
DA:139,2
DA:140,4
DA:144,2
FN:144,AdaptiveRebalanceStrategy.setGovernance
FNDA:2,AdaptiveRebalanceStrategy.setGovernance
DA:145,2
DA:146,2
DA:152,2
FN:152,AdaptiveRebalanceStrategy.calculateDeviation
FNDA:2,AdaptiveRebalanceStrategy.calculateDeviation
DA:157,2
DA:163,34
FN:163,AdaptiveRebalanceStrategy.estimateVolatility
FNDA:34,AdaptiveRebalanceStrategy.estimateVolatility
DA:168,34
DA:173,36
FN:173,AdaptiveRebalanceStrategy._computePriceDeviationBps
FNDA:36,AdaptiveRebalanceStrategy._computePriceDeviationBps
DA:178,36
BRDA:178,4,0,1
DA:179,35
DA:183,35
DA:185,35
DA:186,35
DA:189,5658
FN:189,AdaptiveRebalanceStrategy._alignTick
FNDA:5658,AdaptiveRebalanceStrategy._alignTick
DA:190,5658
DA:191,5658
BRDA:191,5,0,4581
DA:192,5658
DA:195,5658
FN:195,AdaptiveRebalanceStrategy._clampTick
FNDA:5658,AdaptiveRebalanceStrategy._clampTick
DA:196,5658
BRDA:196,6,0,6
DA:197,5652
BRDA:197,7,0,6
DA:198,0
FNF:12
FNH:12
LF:56
LH:55
BRF:12
BRH:12
end_of_record
TN:
SF:src/tokens/MockTokens.sol
DA:17,1198
FN:17,MockWETH.mint.0
FNDA:1198,MockWETH.mint.0
DA:18,1198
DA:22,2
FN:22,MockWETH.deposit
FNDA:2,MockWETH.deposit
DA:23,2
DA:24,2
DA:28,2
FN:28,MockWETH.withdraw
FNDA:2,MockWETH.withdraw
DA:29,2
DA:30,2
DA:31,2
BRDA:31,0,0,-
BRDA:31,0,1,-
DA:32,1
DA:35,1
FN:35,MockWETH.receive
FNDA:1,MockWETH.receive
DA:36,1
DA:37,1
DA:48,215
FN:48,MockUSDC.decimals.0
FNDA:215,MockUSDC.decimals.0
DA:49,215
DA:53,1416
FN:53,MockUSDC.mint.1
FNDA:1416,MockUSDC.mint.1
DA:54,1416
DA:65,81
FN:65,MockERC20.constructor
FNDA:81,MockERC20.constructor
DA:68,81
DA:71,11
FN:71,MockERC20.decimals.1
FNDA:11,MockERC20.decimals.1
DA:72,11
DA:75,166
FN:75,MockERC20.mint.2
FNDA:166,MockERC20.mint.2
DA:76,166
FNF:9
FNH:9
LF:23
LH:23
BRF:2
BRH:0
end_of_record
TN:
SF:src/vault/AdaptiveLPVault.sol
DA:159,314
FN:159,AdaptiveLPVault.whenNotPaused
FNDA:314,AdaptiveLPVault.whenNotPaused
DA:160,2
BRDA:160,0,0,2
DA:164,214
FN:164,AdaptiveLPVault.constructor
FNDA:214,AdaptiveLPVault.constructor
DA:173,214
DA:177,214
BRDA:177,1,0,-
BRDA:177,1,1,-
DA:178,214
BRDA:178,2,0,-
BRDA:178,2,1,-
DA:179,214
BRDA:179,3,0,-
BRDA:179,3,1,-
DA:181,214
DA:182,214
DA:183,214
DA:184,214
DA:187,214
DA:190,214
DA:196,216
FN:196,AdaptiveLPVault.setAdapters
FNDA:216,AdaptiveLPVault.setAdapters
DA:201,216
BRDA:201,4,0,215
DA:202,215
DA:203,215
DA:204,215
DA:205,215
DA:207,216
BRDA:207,5,0,214
DA:208,214
DA:209,214
DA:210,214
DA:211,214
DA:213,216
BRDA:213,6,0,214
DA:214,214
DA:215,214
DA:216,214
DA:217,214
DA:222,217
FN:222,AdaptiveLPVault.setIncentives
FNDA:217,AdaptiveLPVault.setIncentives
DA:223,217
DA:227,1
FN:227,AdaptiveLPVault.setGovernance
FNDA:1,AdaptiveLPVault.setGovernance
DA:228,1
DA:232,3
FN:232,AdaptiveLPVault.setMaxSlippage
FNDA:3,AdaptiveLPVault.setMaxSlippage
DA:233,3
BRDA:233,7,0,-
BRDA:233,7,1,-
DA:234,2
DA:235,3
DA:239,4
FN:239,AdaptiveLPVault.setPaused
FNDA:4,AdaptiveLPVault.setPaused
DA:240,4
DA:241,4
DA:253,312
FN:253,AdaptiveLPVault.deposit.0
FNDA:312,AdaptiveLPVault.deposit.0
DA:258,312
BRDA:258,8,0,1
DA:261,311
DA:264,311
DA:265,311
DA:267,311
BRDA:267,9,0,304
BRDA:267,9,1,7
DA:268,304
DA:270,7
DA:273,311
BRDA:273,10,0,1
DA:276,310
BRDA:276,11,0,309
DA:277,309
DA:279,310
BRDA:279,12,0,309
DA:280,309
DA:284,310
DA:287,0
DA:289,310
DA:293,2
FN:293,AdaptiveLPVault.deposit.1
FNDA:2,AdaptiveLPVault.deposit.1
DA:300,2
BRDA:300,13,0,-
DA:302,2
DA:303,2
DA:304,2
DA:306,0
DA:307,2
DA:311,1
FN:311,AdaptiveLPVault.mint
FNDA:1,AdaptiveLPVault.mint
DA:318,1
DA:319,1
DA:320,1
DA:322,0
DA:323,1
DA:336,266
FN:336,AdaptiveLPVault.withdrawDual
FNDA:266,AdaptiveLPVault.withdrawDual
DA:341,266
BRDA:341,14,0,1
DA:342,265
BRDA:342,15,0,-
BRDA:342,15,1,-
DA:344,264
DA:345,264
DA:348,264
DA:349,264
DA:350,265
DA:352,264
DA:353,264
DA:354,264
DA:356,264
BRDA:356,16,0,1
DA:359,263
DA:362,263
DA:364,263
DA:365,263
DA:367,263
DA:368,263
DA:371,263
BRDA:371,17,0,263
DA:372,263
DA:374,263
BRDA:374,18,0,263
DA:375,263
DA:378,263
DA:382,0
FN:382,AdaptiveLPVault.withdraw
FNDA:0,AdaptiveLPVault.withdraw
DA:387,0
DA:388,0
DA:391,0
DA:392,0
DA:394,0
DA:395,0
DA:399,1
FN:399,AdaptiveLPVault.redeem
FNDA:1,AdaptiveLPVault.redeem
DA:404,1
DA:405,1
DA:407,1
DA:408,1
DA:410,1
DA:411,1
DA:425,31
FN:425,AdaptiveLPVault.rebalance
FNDA:31,AdaptiveLPVault.rebalance
DA:427,31
DA:428,31
DA:429,31
DA:432,31
BRDA:432,19,0,11
DA:433,11
DA:434,11
BRDA:434,20,0,-
BRDA:434,20,1,11
DA:435,0
DA:437,11
DA:439,0
BRDA:439,21,0,2
DA:442,29
DA:446,29
DA:448,29
DA:455,0
DA:458,0
DA:461,29
DA:466,29
DA:469,29
DA:472,29
DA:473,29
DA:474,29
DA:476,29
DA:479,29
DA:480,29
BRDA:480,22,0,6
DA:481,6
BRDA:481,23,0,6
DA:482,6
DA:488,29
DA:494,395
FN:494,AdaptiveLPVault.totalAssets
FNDA:395,AdaptiveLPVault.totalAssets
DA:495,395
DA:497,395
BRDA:497,24,0,395
DA:498,394
BRDA:498,25,0,1
DA:499,393
DA:500,393
DA:501,1
BRDA:501,24,1,1
DA:502,1
DA:507,659
FN:507,AdaptiveLPVault.getTotalUnderlying
FNDA:659,AdaptiveLPVault.getTotalUnderlying
DA:509,659
DA:510,659
DA:513,659
BRDA:513,26,0,659
DA:514,659
DA:515,659
DA:516,659
DA:518,659
BRDA:518,27,0,659
DA:519,659
DA:520,659
DA:521,659
DA:523,659
BRDA:523,28,0,659
DA:524,659
DA:525,659
DA:526,659
DA:531,2018
FN:531,AdaptiveLPVault._decodeTokenAmounts
FNDA:2018,AdaptiveLPVault._decodeTokenAmounts
DA:532,2018
BRDA:532,29,0,2018
BRDA:532,29,1,-
DA:533,2018
DA:535,0
DA:540,2375
FN:540,AdaptiveLPVault._encodeTokenAmounts
FNDA:2375,AdaptiveLPVault._encodeTokenAmounts
DA:541,2375
BRDA:541,30,0,2375
BRDA:541,30,1,-
DA:542,2375
DA:544,0
DA:549,4
FN:549,AdaptiveLPVault.getDistribution
FNDA:4,AdaptiveLPVault.getDistribution
DA:555,4
DA:556,4
DA:558,4
BRDA:558,31,0,4
DA:559,4
DA:560,4
DA:562,4
BRDA:562,32,0,4
DA:563,4
DA:564,4
DA:566,4
BRDA:566,33,0,4
DA:567,4
DA:568,4
DA:573,311
FN:573,AdaptiveLPVault._calculateTotalValue
FNDA:311,AdaptiveLPVault._calculateTotalValue
DA:578,311
DA:579,311
DA:582,704
FN:582,AdaptiveLPVault._wethToUSDC
FNDA:704,AdaptiveLPVault._wethToUSDC
DA:583,704
BRDA:583,34,0,310
DA:584,394
DA:585,394
BRDA:585,35,0,394
BRDA:585,35,1,-
DA:588,394
DA:592,0
DA:596,0
FN:596,AdaptiveLPVault._usdcToWETH
FNDA:0,AdaptiveLPVault._usdcToWETH
DA:597,0
BRDA:597,36,0,-
DA:598,0
DA:599,0
BRDA:599,37,0,-
BRDA:599,37,1,-
DA:601,0
DA:604,0
DA:608,559
FN:608,AdaptiveLPVault._getSpotPrice
FNDA:559,AdaptiveLPVault._getSpotPrice
DA:610,0
DA:614,559
DA:620,313
FN:620,AdaptiveLPVault._investIdleFunds
FNDA:313,AdaptiveLPVault._investIdleFunds
DA:621,313
DA:622,313
DA:623,313
BRDA:623,39,0,1
DA:625,312
DA:628,312
DA:632,312
FN:632,AdaptiveLPVault._investToAdapters
FNDA:312,AdaptiveLPVault._investToAdapters
DA:638,312
DA:639,312
BRDA:639,40,0,-
DA:641,312
DA:644,312
BRDA:644,41,0,312
DA:645,312
DA:646,312
DA:647,312
BRDA:647,42,0,306
DA:648,306
DA:649,306
DA:650,306
DA:651,306
DA:656,312
BRDA:656,43,0,312
DA:657,312
DA:658,312
DA:659,312
DA:663,312
BRDA:663,44,0,312
DA:664,312
DA:665,312
DA:666,312
DA:671,624
FN:671,AdaptiveLPVault._investV3MultiRange
FNDA:624,AdaptiveLPVault._investV3MultiRange
DA:678,624
DA:680,624
DA:682,624
DA:683,624
DA:684,624
DA:685,624
DA:688,624
BRDA:688,45,0,622
DA:689,622
DA:690,622
DA:691,622
DA:695,624
DA:696,624
DA:697,624
DA:701,624
DA:702,624
DA:703,624
DA:708,29
FN:708,AdaptiveLPVault._reinvestWithRanges
FNDA:29,AdaptiveLPVault._reinvestWithRanges
DA:712,29
DA:714,29
DA:715,29
DA:717,29
DA:718,29
BRDA:718,46,0,-
DA:721,29
BRDA:721,47,0,29
DA:722,29
DA:723,29
DA:724,29
BRDA:724,48,0,29
DA:725,29
DA:726,29
DA:727,29
DA:728,29
DA:733,29
BRDA:733,49,0,29
DA:734,29
DA:735,29
DA:736,29
DA:740,29
BRDA:740,50,0,29
DA:741,29
DA:742,29
DA:743,29
DA:747,58
FN:747,AdaptiveLPVault._investV3WithRanges
FNDA:58,AdaptiveLPVault._investV3WithRanges
DA:754,58
DA:756,58
DA:758,58
DA:759,58
BRDA:759,51,0,-
DA:763,58
DA:764,58
DA:765,58
DA:769,58
DA:770,58
DA:771,58
DA:775,58
DA:776,58
DA:777,58
DA:782,2044
FN:782,AdaptiveLPVault._investOneRange
FNDA:2044,AdaptiveLPVault._investOneRange
DA:789,2044
BRDA:789,52,0,2040
DA:790,2040
DA:791,2040
DA:796,29
FN:796,AdaptiveLPVault._withdrawAllFromAdapters
FNDA:29,AdaptiveLPVault._withdrawAllFromAdapters
DA:797,29
BRDA:797,53,0,29
DA:798,29
DA:800,29
BRDA:800,54,0,29
DA:801,29
DA:803,29
BRDA:803,55,0,29
DA:804,29
DA:809,264
FN:809,AdaptiveLPVault._withdrawFromAdapters
FNDA:264,AdaptiveLPVault._withdrawFromAdapters
DA:811,264
BRDA:811,56,0,264
DA:812,264
DA:813,264
DA:814,264
DA:815,264
BRDA:815,57,0,263
DA:816,263
DA:817,263
DA:818,263
DA:819,263
DA:820,263
DA:821,263
DA:822,263
DA:823,263
DA:825,263
DA:829,264
BRDA:829,58,0,264
DA:830,264
DA:832,264
BRDA:832,59,0,264
DA:833,264
DA:837,528
FN:837,AdaptiveLPVault._withdrawPctFromV3
FNDA:528,AdaptiveLPVault._withdrawPctFromV3
DA:838,528
DA:839,528
DA:840,528
DA:841,528
DA:843,528
DA:844,1578
DA:848,1578
FN:848,AdaptiveLPVault._withdrawFromV3Position
FNDA:1578,AdaptiveLPVault._withdrawFromV3Position
DA:856,1578
DA:858,1578
BRDA:858,60,0,-
DA:859,0
DA:862,1578
DA:863,1578
BRDA:863,61,0,-
DA:865,1578
DA:872,1578
DA:881,29
FN:881,AdaptiveLPVault._collectAllFees
FNDA:29,AdaptiveLPVault._collectAllFees
DA:882,29
DA:883,29
DA:885,29
BRDA:885,62,0,29
DA:886,29
DA:887,29
DA:888,29
DA:889,29
DA:890,29
DA:894,29
BRDA:894,63,0,29
DA:895,29
DA:896,29
DA:897,0
DA:898,0
DA:899,0
DA:903,29
BRDA:903,64,0,29
DA:904,29
DA:905,29
DA:906,0
DA:907,0
DA:908,0
DA:912,29
BRDA:912,65,0,-
DA:913,0
DA:914,0
DA:915,0
DA:921,6
FN:921,AdaptiveLPVault._convertToShares
FNDA:6,AdaptiveLPVault._convertToShares
DA:927,6
DA:928,6
DA:929,6
BRDA:929,66,0,3
DA:930,3
DA:933,7
FN:933,AdaptiveLPVault._convertToAssets
FNDA:7,AdaptiveLPVault._convertToAssets
DA:939,7
DA:940,7
DA:941,7
BRDA:941,67,0,1
DA:942,6
FNF:36
FNH:34
LF:353
LH:319
BRF:79
BRH:55
end_of_record
TN:
SF:test/BaseTest.t.sol
DA:52,214
FN:52,BaseTest.setUp
FNDA:214,BaseTest.setUp
DA:54,214
DA:55,214
DA:58,214
DA:59,214
DA:62,214
DA:63,214
DA:64,214
DA:65,214
DA:66,214
DA:69,214
DA:70,214
DA:73,214
DA:74,214
DA:75,214
DA:77,214
DA:78,214
DA:81,214
DA:82,214
DA:83,214
DA:86,214
DA:92,214
DA:93,214
DA:94,214
DA:96,214
DA:99,214
DA:100,214
DA:101,214
DA:104,214
DA:105,214
DA:106,214
DA:107,214
DA:110,214
DA:113,214
DA:114,214
DA:115,214
DA:116,214
DA:119,856
FN:119,BaseTest._mintTokens
FNDA:856,BaseTest._mintTokens
DA:120,856
DA:121,856
DA:124,856
FN:124,BaseTest._approveAll
FNDA:856,BaseTest._approveAll
DA:125,856
DA:126,856
DA:127,856
DA:128,856
DA:129,856
DA:130,856
DA:134,50
FN:134,BaseTest._deposit
FNDA:50,BaseTest._deposit
DA:135,50
DA:136,50
DA:137,50
DA:141,0
FN:141,BaseTest._getCurrentPrice
FNDA:0,BaseTest._getCurrentPrice
DA:142,0
DA:143,0
DA:147,0
FN:147,BaseTest.wethIsToken0
FNDA:0,BaseTest.wethIsToken0
DA:148,0
FNF:6
FNH:4
LF:56
LH:51
BRF:0
BRH:0
end_of_record
TN:
SF:test/mocks/MockUniswapV2.sol
DA:21,228
FN:21,MockUniswapV2Pair.constructor.0
FNDA:228,MockUniswapV2Pair.constructor.0
DA:22,228
DA:23,228
DA:26,652
FN:26,MockUniswapV2Pair.getReserves
FNDA:652,MockUniswapV2Pair.getReserves
DA:27,652
DA:30,350
FN:30,MockUniswapV2Pair.mint
FNDA:350,MockUniswapV2Pair.mint
DA:31,350
DA:32,350
DA:33,350
DA:34,350
DA:36,350
DA:37,350
BRDA:37,0,0,342
BRDA:37,0,1,8
DA:38,342
DA:40,8
DA:45,350
BRDA:45,1,0,-
BRDA:45,1,1,-
DA:46,350
DA:48,350
DA:49,350
DA:52,295
FN:52,MockUniswapV2Pair.burn
FNDA:295,MockUniswapV2Pair.burn
DA:53,295
DA:54,295
DA:55,295
DA:57,295
DA:58,295
DA:59,295
DA:60,295
BRDA:60,2,0,295
BRDA:60,2,1,295
DA:62,295
DA:63,295
DA:64,295
DA:66,295
DA:67,295
DA:70,2
FN:70,MockUniswapV2Pair.setReserves
FNDA:2,MockUniswapV2Pair.setReserves
DA:71,2
DA:72,2
DA:75,342
FN:75,MockUniswapV2Pair._sqrt
FNDA:342,MockUniswapV2Pair._sqrt
DA:76,342
BRDA:76,3,1,-
BRDA:76,3,0,341
DA:77,341
DA:78,341
DA:79,17892
DA:80,1
BRDA:80,4,0,-
DA:85,8
FN:85,Math.min
FNDA:8,Math.min
DA:86,8
DA:97,230
FN:97,MockUniswapV2Factory.createPair
FNDA:230,MockUniswapV2Factory.createPair
DA:98,230
BRDA:98,5,0,-
BRDA:98,5,1,-
DA:99,228
DA:100,228
DA:101,228
DA:102,228
DA:103,228
DA:106,3
FN:106,MockUniswapV2Factory.allPairsLength
FNDA:3,MockUniswapV2Factory.allPairsLength
DA:107,3
DA:120,260
FN:120,MockUniswapV2Router.constructor.1
FNDA:260,MockUniswapV2Router.constructor.1
DA:121,260
DA:122,260
DA:125,351
FN:125,MockUniswapV2Router.addLiquidity
FNDA:351,MockUniswapV2Router.addLiquidity
DA:135,351
DA:136,351
DA:137,351
BRDA:137,6,0,351
BRDA:137,6,1,349
DA:139,349
DA:140,349
DA:142,349
DA:143,349
BRDA:143,7,0,8
DA:144,8
DA:147,349
DA:148,349
DA:149,349
DA:152,295
FN:152,MockUniswapV2Router.removeLiquidity
FNDA:295,MockUniswapV2Router.removeLiquidity
DA:161,295
DA:162,295
DA:163,295
DA:164,295
BRDA:164,8,0,295
BRDA:164,8,1,294
DA:167,2
FN:167,MockUniswapV2Router.swapExactTokensForTokens
FNDA:2,MockUniswapV2Router.swapExactTokensForTokens
DA:175,2
DA:176,2
DA:177,2
DA:178,2
BRDA:178,9,0,-
BRDA:178,9,1,-
DA:179,2
DA:180,2
DA:183,2
FN:183,MockUniswapV2Router.quote
FNDA:2,MockUniswapV2Router.quote
DA:184,2
DA:187,2
FN:187,MockUniswapV2Router.getAmountsOut
FNDA:2,MockUniswapV2Router.getAmountsOut
DA:188,2
DA:189,2
DA:190,2
FNF:15
FNH:15
LF:84
LH:84
BRF:18
BRH:10
end_of_record
TN:
SF:test/mocks/MockUniswapV3.sol
DA:75,444
FN:75,MockUniswapV3Pool.constructor
FNDA:444,MockUniswapV3Pool.constructor
DA:81,444
DA:82,444
DA:83,444
DA:84,444
DA:87,444
DA:93,444
DA:94,444
DA:97,444
DA:100,452
FN:100,MockUniswapV3Pool.setPrice
FNDA:452,MockUniswapV3Pool.setPrice
DA:111,452
DA:112,452
DA:114,452
BRDA:114,0,0,452
BRDA:114,0,1,-
DA:118,452
DA:119,452
DA:124,0
DA:125,0
DA:128,452
DA:129,0
DA:132,452
FN:132,MockUniswapV3Pool._isWETH
FNDA:452,MockUniswapV3Pool._isWETH
DA:134,452
BRDA:134,1,0,452
DA:135,452
DA:136,0
BRDA:136,1,1,-
DA:137,0
DA:141,0
FN:141,MockUniswapV3Pool.setSqrtPriceX96
FNDA:0,MockUniswapV3Pool.setSqrtPriceX96
DA:142,0
DA:143,0
DA:144,0
DA:147,452
FN:147,MockUniswapV3Pool._sqrt
FNDA:452,MockUniswapV3Pool._sqrt
DA:148,452
BRDA:148,2,1,-
BRDA:148,2,0,452
DA:149,452
DA:150,452
DA:151,9043
DA:152,0
BRDA:152,3,0,-
DA:155,452
FN:155,MockUniswapV3Pool._updateObservation
FNDA:452,MockUniswapV3Pool._updateObservation
DA:156,452
DA:157,452
BRDA:157,4,0,449
DA:159,3
DA:160,3
DA:162,3
BRDA:162,5,0,3
BRDA:162,5,1,-
DA:163,3
DA:169,3
DA:171,0
DA:178,3
DA:181,10452
FN:181,MockUniswapV3Pool.slot0
FNDA:10452,MockUniswapV3Pool.slot0
DA:184,10452
DA:188,2
FN:188,MockUniswapV3Pool.increaseObservationCardinalityNext
FNDA:2,MockUniswapV3Pool.increaseObservationCardinalityNext
DA:189,2
BRDA:189,6,0,2
DA:190,2
DA:194,1054
FN:194,MockUniswapV3Pool.observe
FNDA:1054,MockUniswapV3Pool.observe
DA:199,1054
DA:200,1054
DA:201,1054
DA:203,2108
DA:205,1054
DA:206,1054
DA:209,5556
FN:209,MockUniswapV3Pool._positionKey
FNDA:5556,MockUniswapV3Pool._positionKey
DA:214,5556
DA:217,2037
FN:217,MockUniswapV3Pool.mint
FNDA:2037,MockUniswapV3Pool.mint
DA:224,2037
BRDA:224,7,0,-
BRDA:224,7,1,-
DA:226,2036
DA:227,2036
DA:229,2036
DA:234,2036
DA:237,2036
DA:238,2036
DA:239,2036
DA:240,2036
DA:243,2036
DA:244,2036
DA:245,2036
DA:246,2036
DA:247,2036
DA:248,2036
DA:250,2036
DA:253,1761
FN:253,MockUniswapV3Pool.burn
FNDA:1761,MockUniswapV3Pool.burn
DA:258,1761
DA:259,1761
BRDA:259,8,0,-
BRDA:259,8,1,-
DA:263,1760
DA:264,1760
DA:265,1760
DA:266,1760
DA:267,1760
DA:269,1760
DA:271,1760
DA:272,1760
DA:274,1760
BRDA:274,9,0,34
DA:275,34
DA:276,34
DA:277,34
DA:278,34
DA:281,1760
DA:282,1760
DA:283,1760
DA:284,1760
DA:286,1760
BRDA:286,10,1,1760
BRDA:286,10,0,-
DA:289,1759
FN:289,MockUniswapV3Pool.collect
FNDA:1759,MockUniswapV3Pool.collect
DA:296,1759
DA:297,1759
DA:299,1759
DA:300,1759
DA:302,1759
DA:303,1759
DA:305,1759
BRDA:305,11,0,1756
DA:306,1759
BRDA:306,12,0,1756
DA:309,7
FN:309,MockUniswapV3Pool.setMockFees
FNDA:7,MockUniswapV3Pool.setMockFees
DA:310,7
DA:313,0
FN:313,MockUniswapV3Pool.initialize
FNDA:0,MockUniswapV3Pool.initialize
DA:314,0
DA:315,0
DA:326,445
FN:326,MockUniswapV3Factory.createPool
FNDA:445,MockUniswapV3Factory.createPool
DA:327,445
BRDA:327,13,0,-
BRDA:327,13,1,-
DA:328,444
DA:329,444
DA:330,444
DA:331,444
DA:332,444
DA:335,0
FN:335,MockUniswapV3Factory.feeAmountTickSpacing
FNDA:0,MockUniswapV3Factory.feeAmountTickSpacing
DA:336,0
FNF:17
FNH:14
LF:119
LH:103
BRF:22
BRH:10
end_of_record
TN:
SF:test/unit/MockTest.t.sol
DA:549,1
FN:549,NonPayableContract.withdrawWETH
FNDA:1,NonPayableContract.withdrawWETH
DA:550,1
FNF:1
FNH:1
LF:2
LH:2
BRF:0
BRH:0
end_of_record
